<?xml version="1.0" encoding="UTF-8"?>
<testsuites>
  <testsuite name="" tests="165" assertions="0" errors="165" warnings="0" failures="0" skipped="0" time="0.108786">
    <testsuite name="Test Suite" tests="165" assertions="0" errors="165" warnings="0" failures="0" skipped="0" time="0.108786">
      <testsuite name="Test\Unit\ProviderTest" file="/Users/shanerosenthal/Code/web3source/test/unit/ProviderTest.php" tests="1" assertions="0" errors="1" warnings="0" failures="0" skipped="0" time="0.016844">
        <testcase name="testSetRequestManager" class="Test\Unit\ProviderTest" classname="Test.Unit.ProviderTest" file="/Users/shanerosenthal/Code/web3source/test/unit/ProviderTest.php" line="16" assertions="0" time="0.016844">
          <error type="GuzzleHttp\Exception\ConnectException">Test\Unit\ProviderTest::testSetRequestManager
GuzzleHttp\Exception\ConnectException: cURL error 7: Failed to connect to localhost port 8545 after 7 ms: Connection refused (see https://curl.haxx.se/libcurl/c/libcurl-errors.html) for http://localhost:8545

/Users/shanerosenthal/Code/web3source/vendor/guzzlehttp/guzzle/src/Handler/CurlFactory.php:210
/Users/shanerosenthal/Code/web3source/vendor/guzzlehttp/guzzle/src/Handler/CurlFactory.php:158
/Users/shanerosenthal/Code/web3source/vendor/guzzlehttp/guzzle/src/Handler/CurlFactory.php:110
/Users/shanerosenthal/Code/web3source/vendor/guzzlehttp/guzzle/src/Handler/CurlHandler.php:47
/Users/shanerosenthal/Code/web3source/vendor/guzzlehttp/guzzle/src/Handler/Proxy.php:28
/Users/shanerosenthal/Code/web3source/vendor/guzzlehttp/guzzle/src/Handler/Proxy.php:48
/Users/shanerosenthal/Code/web3source/vendor/guzzlehttp/guzzle/src/PrepareBodyMiddleware.php:64
/Users/shanerosenthal/Code/web3source/vendor/guzzlehttp/guzzle/src/Middleware.php:31
/Users/shanerosenthal/Code/web3source/vendor/guzzlehttp/guzzle/src/RedirectMiddleware.php:71
/Users/shanerosenthal/Code/web3source/vendor/guzzlehttp/guzzle/src/Middleware.php:63
/Users/shanerosenthal/Code/web3source/vendor/guzzlehttp/guzzle/src/HandlerStack.php:75
/Users/shanerosenthal/Code/web3source/vendor/guzzlehttp/guzzle/src/Client.php:331
/Users/shanerosenthal/Code/web3source/vendor/guzzlehttp/guzzle/src/Client.php:168
/Users/shanerosenthal/Code/web3source/vendor/guzzlehttp/guzzle/src/Client.php:187
/Users/shanerosenthal/Code/web3source/vendor/guzzlehttp/guzzle/src/ClientTrait.php:95
/Users/shanerosenthal/Code/web3source/src/RequestManagers/HttpRequestManager.php:65
/Users/shanerosenthal/Code/web3source/src/Providers/HttpProvider.php:62
/Users/shanerosenthal/Code/web3source/src/Eth.php:105
/Users/shanerosenthal/Code/web3source/test/TestCase.php:53</error>
        </testcase>
      </testsuite>
      <testsuite name="Test\Unit\PostFormatterTest" file="/Users/shanerosenthal/Code/web3source/test/unit/PostFormatterTest.php" tests="1" assertions="0" errors="1" warnings="0" failures="0" skipped="0" time="0.000688">
        <testcase name="testFormat" class="Test\Unit\PostFormatterTest" classname="Test.Unit.PostFormatterTest" file="/Users/shanerosenthal/Code/web3source/test/unit/PostFormatterTest.php" line="33" assertions="0" time="0.000688">
          <error type="GuzzleHttp\Exception\ConnectException">Test\Unit\PostFormatterTest::testFormat
GuzzleHttp\Exception\ConnectException: cURL error 7: Failed to connect to localhost port 8545 after 0 ms: Connection refused (see https://curl.haxx.se/libcurl/c/libcurl-errors.html) for http://localhost:8545

/Users/shanerosenthal/Code/web3source/vendor/guzzlehttp/guzzle/src/Handler/CurlFactory.php:210
/Users/shanerosenthal/Code/web3source/vendor/guzzlehttp/guzzle/src/Handler/CurlFactory.php:158
/Users/shanerosenthal/Code/web3source/vendor/guzzlehttp/guzzle/src/Handler/CurlFactory.php:110
/Users/shanerosenthal/Code/web3source/vendor/guzzlehttp/guzzle/src/Handler/CurlHandler.php:47
/Users/shanerosenthal/Code/web3source/vendor/guzzlehttp/guzzle/src/Handler/Proxy.php:28
/Users/shanerosenthal/Code/web3source/vendor/guzzlehttp/guzzle/src/Handler/Proxy.php:48
/Users/shanerosenthal/Code/web3source/vendor/guzzlehttp/guzzle/src/PrepareBodyMiddleware.php:64
/Users/shanerosenthal/Code/web3source/vendor/guzzlehttp/guzzle/src/Middleware.php:31
/Users/shanerosenthal/Code/web3source/vendor/guzzlehttp/guzzle/src/RedirectMiddleware.php:71
/Users/shanerosenthal/Code/web3source/vendor/guzzlehttp/guzzle/src/Middleware.php:63
/Users/shanerosenthal/Code/web3source/vendor/guzzlehttp/guzzle/src/HandlerStack.php:75
/Users/shanerosenthal/Code/web3source/vendor/guzzlehttp/guzzle/src/Client.php:331
/Users/shanerosenthal/Code/web3source/vendor/guzzlehttp/guzzle/src/Client.php:168
/Users/shanerosenthal/Code/web3source/vendor/guzzlehttp/guzzle/src/Client.php:187
/Users/shanerosenthal/Code/web3source/vendor/guzzlehttp/guzzle/src/ClientTrait.php:95
/Users/shanerosenthal/Code/web3source/src/RequestManagers/HttpRequestManager.php:65
/Users/shanerosenthal/Code/web3source/src/Providers/HttpProvider.php:62
/Users/shanerosenthal/Code/web3source/src/Eth.php:105
/Users/shanerosenthal/Code/web3source/test/TestCase.php:53
/Users/shanerosenthal/Code/web3source/test/unit/PostFormatterTest.php:24</error>
        </testcase>
      </testsuite>
      <testsuite name="Test\Unit\StringFormatterTest" file="/Users/shanerosenthal/Code/web3source/test/unit/StringFormatterTest.php" tests="1" assertions="0" errors="1" warnings="0" failures="0" skipped="0" time="0.000589">
        <testcase name="testFormat" class="Test\Unit\StringFormatterTest" classname="Test.Unit.StringFormatterTest" file="/Users/shanerosenthal/Code/web3source/test/unit/StringFormatterTest.php" line="33" assertions="0" time="0.000589">
          <error type="GuzzleHttp\Exception\ConnectException">Test\Unit\StringFormatterTest::testFormat
GuzzleHttp\Exception\ConnectException: cURL error 7: Failed to connect to localhost port 8545 after 0 ms: Connection refused (see https://curl.haxx.se/libcurl/c/libcurl-errors.html) for http://localhost:8545

/Users/shanerosenthal/Code/web3source/vendor/guzzlehttp/guzzle/src/Handler/CurlFactory.php:210
/Users/shanerosenthal/Code/web3source/vendor/guzzlehttp/guzzle/src/Handler/CurlFactory.php:158
/Users/shanerosenthal/Code/web3source/vendor/guzzlehttp/guzzle/src/Handler/CurlFactory.php:110
/Users/shanerosenthal/Code/web3source/vendor/guzzlehttp/guzzle/src/Handler/CurlHandler.php:47
/Users/shanerosenthal/Code/web3source/vendor/guzzlehttp/guzzle/src/Handler/Proxy.php:28
/Users/shanerosenthal/Code/web3source/vendor/guzzlehttp/guzzle/src/Handler/Proxy.php:48
/Users/shanerosenthal/Code/web3source/vendor/guzzlehttp/guzzle/src/PrepareBodyMiddleware.php:64
/Users/shanerosenthal/Code/web3source/vendor/guzzlehttp/guzzle/src/Middleware.php:31
/Users/shanerosenthal/Code/web3source/vendor/guzzlehttp/guzzle/src/RedirectMiddleware.php:71
/Users/shanerosenthal/Code/web3source/vendor/guzzlehttp/guzzle/src/Middleware.php:63
/Users/shanerosenthal/Code/web3source/vendor/guzzlehttp/guzzle/src/HandlerStack.php:75
/Users/shanerosenthal/Code/web3source/vendor/guzzlehttp/guzzle/src/Client.php:331
/Users/shanerosenthal/Code/web3source/vendor/guzzlehttp/guzzle/src/Client.php:168
/Users/shanerosenthal/Code/web3source/vendor/guzzlehttp/guzzle/src/Client.php:187
/Users/shanerosenthal/Code/web3source/vendor/guzzlehttp/guzzle/src/ClientTrait.php:95
/Users/shanerosenthal/Code/web3source/src/RequestManagers/HttpRequestManager.php:65
/Users/shanerosenthal/Code/web3source/src/Providers/HttpProvider.php:62
/Users/shanerosenthal/Code/web3source/src/Eth.php:105
/Users/shanerosenthal/Code/web3source/test/TestCase.php:53
/Users/shanerosenthal/Code/web3source/test/unit/StringFormatterTest.php:24</error>
        </testcase>
      </testsuite>
      <testsuite name="Test\Unit\NonceValidatorTest" file="/Users/shanerosenthal/Code/web3source/test/unit/NonceValidatorTest.php" tests="1" assertions="0" errors="1" warnings="0" failures="0" skipped="0" time="0.000567">
        <testcase name="testValidate" class="Test\Unit\NonceValidatorTest" classname="Test.Unit.NonceValidatorTest" file="/Users/shanerosenthal/Code/web3source/test/unit/NonceValidatorTest.php" line="33" assertions="0" time="0.000567">
          <error type="GuzzleHttp\Exception\ConnectException">Test\Unit\NonceValidatorTest::testValidate
GuzzleHttp\Exception\ConnectException: cURL error 7: Failed to connect to localhost port 8545 after 0 ms: Connection refused (see https://curl.haxx.se/libcurl/c/libcurl-errors.html) for http://localhost:8545

/Users/shanerosenthal/Code/web3source/vendor/guzzlehttp/guzzle/src/Handler/CurlFactory.php:210
/Users/shanerosenthal/Code/web3source/vendor/guzzlehttp/guzzle/src/Handler/CurlFactory.php:158
/Users/shanerosenthal/Code/web3source/vendor/guzzlehttp/guzzle/src/Handler/CurlFactory.php:110
/Users/shanerosenthal/Code/web3source/vendor/guzzlehttp/guzzle/src/Handler/CurlHandler.php:47
/Users/shanerosenthal/Code/web3source/vendor/guzzlehttp/guzzle/src/Handler/Proxy.php:28
/Users/shanerosenthal/Code/web3source/vendor/guzzlehttp/guzzle/src/Handler/Proxy.php:48
/Users/shanerosenthal/Code/web3source/vendor/guzzlehttp/guzzle/src/PrepareBodyMiddleware.php:64
/Users/shanerosenthal/Code/web3source/vendor/guzzlehttp/guzzle/src/Middleware.php:31
/Users/shanerosenthal/Code/web3source/vendor/guzzlehttp/guzzle/src/RedirectMiddleware.php:71
/Users/shanerosenthal/Code/web3source/vendor/guzzlehttp/guzzle/src/Middleware.php:63
/Users/shanerosenthal/Code/web3source/vendor/guzzlehttp/guzzle/src/HandlerStack.php:75
/Users/shanerosenthal/Code/web3source/vendor/guzzlehttp/guzzle/src/Client.php:331
/Users/shanerosenthal/Code/web3source/vendor/guzzlehttp/guzzle/src/Client.php:168
/Users/shanerosenthal/Code/web3source/vendor/guzzlehttp/guzzle/src/Client.php:187
/Users/shanerosenthal/Code/web3source/vendor/guzzlehttp/guzzle/src/ClientTrait.php:95
/Users/shanerosenthal/Code/web3source/src/RequestManagers/HttpRequestManager.php:65
/Users/shanerosenthal/Code/web3source/src/Providers/HttpProvider.php:62
/Users/shanerosenthal/Code/web3source/src/Eth.php:105
/Users/shanerosenthal/Code/web3source/test/TestCase.php:53
/Users/shanerosenthal/Code/web3source/test/unit/NonceValidatorTest.php:24</error>
        </testcase>
      </testsuite>
      <testsuite name="Test\Unit\BooleanFormatterTest" file="/Users/shanerosenthal/Code/web3source/test/unit/BooleanFormatterTest.php" tests="1" assertions="0" errors="1" warnings="0" failures="0" skipped="0" time="0.000591">
        <testcase name="testFormat" class="Test\Unit\BooleanFormatterTest" classname="Test.Unit.BooleanFormatterTest" file="/Users/shanerosenthal/Code/web3source/test/unit/BooleanFormatterTest.php" line="34" assertions="0" time="0.000591">
          <error type="GuzzleHttp\Exception\ConnectException">Test\Unit\BooleanFormatterTest::testFormat
GuzzleHttp\Exception\ConnectException: cURL error 7: Failed to connect to localhost port 8545 after 0 ms: Connection refused (see https://curl.haxx.se/libcurl/c/libcurl-errors.html) for http://localhost:8545

/Users/shanerosenthal/Code/web3source/vendor/guzzlehttp/guzzle/src/Handler/CurlFactory.php:210
/Users/shanerosenthal/Code/web3source/vendor/guzzlehttp/guzzle/src/Handler/CurlFactory.php:158
/Users/shanerosenthal/Code/web3source/vendor/guzzlehttp/guzzle/src/Handler/CurlFactory.php:110
/Users/shanerosenthal/Code/web3source/vendor/guzzlehttp/guzzle/src/Handler/CurlHandler.php:47
/Users/shanerosenthal/Code/web3source/vendor/guzzlehttp/guzzle/src/Handler/Proxy.php:28
/Users/shanerosenthal/Code/web3source/vendor/guzzlehttp/guzzle/src/Handler/Proxy.php:48
/Users/shanerosenthal/Code/web3source/vendor/guzzlehttp/guzzle/src/PrepareBodyMiddleware.php:64
/Users/shanerosenthal/Code/web3source/vendor/guzzlehttp/guzzle/src/Middleware.php:31
/Users/shanerosenthal/Code/web3source/vendor/guzzlehttp/guzzle/src/RedirectMiddleware.php:71
/Users/shanerosenthal/Code/web3source/vendor/guzzlehttp/guzzle/src/Middleware.php:63
/Users/shanerosenthal/Code/web3source/vendor/guzzlehttp/guzzle/src/HandlerStack.php:75
/Users/shanerosenthal/Code/web3source/vendor/guzzlehttp/guzzle/src/Client.php:331
/Users/shanerosenthal/Code/web3source/vendor/guzzlehttp/guzzle/src/Client.php:168
/Users/shanerosenthal/Code/web3source/vendor/guzzlehttp/guzzle/src/Client.php:187
/Users/shanerosenthal/Code/web3source/vendor/guzzlehttp/guzzle/src/ClientTrait.php:95
/Users/shanerosenthal/Code/web3source/src/RequestManagers/HttpRequestManager.php:65
/Users/shanerosenthal/Code/web3source/src/Providers/HttpProvider.php:62
/Users/shanerosenthal/Code/web3source/src/Eth.php:105
/Users/shanerosenthal/Code/web3source/test/TestCase.php:53
/Users/shanerosenthal/Code/web3source/test/unit/BooleanFormatterTest.php:25</error>
        </testcase>
      </testsuite>
      <testsuite name="Test\Unit\JSONRPCTest" file="/Users/shanerosenthal/Code/web3source/test/unit/JSONRPCTest.php" tests="2" assertions="0" errors="2" warnings="0" failures="0" skipped="0" time="0.001256">
        <testcase name="testThrowException" class="Test\Unit\JSONRPCTest" classname="Test.Unit.JSONRPCTest" file="/Users/shanerosenthal/Code/web3source/test/unit/JSONRPCTest.php" line="58" assertions="0" time="0.000644">
          <error type="GuzzleHttp\Exception\ConnectException">Test\Unit\JSONRPCTest::testThrowException
GuzzleHttp\Exception\ConnectException: cURL error 7: Failed to connect to localhost port 8545 after 0 ms: Connection refused (see https://curl.haxx.se/libcurl/c/libcurl-errors.html) for http://localhost:8545

/Users/shanerosenthal/Code/web3source/vendor/guzzlehttp/guzzle/src/Handler/CurlFactory.php:210
/Users/shanerosenthal/Code/web3source/vendor/guzzlehttp/guzzle/src/Handler/CurlFactory.php:158
/Users/shanerosenthal/Code/web3source/vendor/guzzlehttp/guzzle/src/Handler/CurlFactory.php:110
/Users/shanerosenthal/Code/web3source/vendor/guzzlehttp/guzzle/src/Handler/CurlHandler.php:47
/Users/shanerosenthal/Code/web3source/vendor/guzzlehttp/guzzle/src/Handler/Proxy.php:28
/Users/shanerosenthal/Code/web3source/vendor/guzzlehttp/guzzle/src/Handler/Proxy.php:48
/Users/shanerosenthal/Code/web3source/vendor/guzzlehttp/guzzle/src/PrepareBodyMiddleware.php:64
/Users/shanerosenthal/Code/web3source/vendor/guzzlehttp/guzzle/src/Middleware.php:31
/Users/shanerosenthal/Code/web3source/vendor/guzzlehttp/guzzle/src/RedirectMiddleware.php:71
/Users/shanerosenthal/Code/web3source/vendor/guzzlehttp/guzzle/src/Middleware.php:63
/Users/shanerosenthal/Code/web3source/vendor/guzzlehttp/guzzle/src/HandlerStack.php:75
/Users/shanerosenthal/Code/web3source/vendor/guzzlehttp/guzzle/src/Client.php:331
/Users/shanerosenthal/Code/web3source/vendor/guzzlehttp/guzzle/src/Client.php:168
/Users/shanerosenthal/Code/web3source/vendor/guzzlehttp/guzzle/src/Client.php:187
/Users/shanerosenthal/Code/web3source/vendor/guzzlehttp/guzzle/src/ClientTrait.php:95
/Users/shanerosenthal/Code/web3source/src/RequestManagers/HttpRequestManager.php:65
/Users/shanerosenthal/Code/web3source/src/Providers/HttpProvider.php:62
/Users/shanerosenthal/Code/web3source/src/Eth.php:105
/Users/shanerosenthal/Code/web3source/test/TestCase.php:53</error>
        </testcase>
        <testcase name="testJSONRPC" class="Test\Unit\JSONRPCTest" classname="Test.Unit.JSONRPCTest" file="/Users/shanerosenthal/Code/web3source/test/unit/JSONRPCTest.php" line="16" assertions="0" time="0.000612">
          <error type="GuzzleHttp\Exception\ConnectException">Test\Unit\JSONRPCTest::testJSONRPC
GuzzleHttp\Exception\ConnectException: cURL error 7: Failed to connect to localhost port 8545 after 0 ms: Connection refused (see https://curl.haxx.se/libcurl/c/libcurl-errors.html) for http://localhost:8545

/Users/shanerosenthal/Code/web3source/vendor/guzzlehttp/guzzle/src/Handler/CurlFactory.php:210
/Users/shanerosenthal/Code/web3source/vendor/guzzlehttp/guzzle/src/Handler/CurlFactory.php:158
/Users/shanerosenthal/Code/web3source/vendor/guzzlehttp/guzzle/src/Handler/CurlFactory.php:110
/Users/shanerosenthal/Code/web3source/vendor/guzzlehttp/guzzle/src/Handler/CurlHandler.php:47
/Users/shanerosenthal/Code/web3source/vendor/guzzlehttp/guzzle/src/Handler/Proxy.php:28
/Users/shanerosenthal/Code/web3source/vendor/guzzlehttp/guzzle/src/Handler/Proxy.php:48
/Users/shanerosenthal/Code/web3source/vendor/guzzlehttp/guzzle/src/PrepareBodyMiddleware.php:64
/Users/shanerosenthal/Code/web3source/vendor/guzzlehttp/guzzle/src/Middleware.php:31
/Users/shanerosenthal/Code/web3source/vendor/guzzlehttp/guzzle/src/RedirectMiddleware.php:71
/Users/shanerosenthal/Code/web3source/vendor/guzzlehttp/guzzle/src/Middleware.php:63
/Users/shanerosenthal/Code/web3source/vendor/guzzlehttp/guzzle/src/HandlerStack.php:75
/Users/shanerosenthal/Code/web3source/vendor/guzzlehttp/guzzle/src/Client.php:331
/Users/shanerosenthal/Code/web3source/vendor/guzzlehttp/guzzle/src/Client.php:168
/Users/shanerosenthal/Code/web3source/vendor/guzzlehttp/guzzle/src/Client.php:187
/Users/shanerosenthal/Code/web3source/vendor/guzzlehttp/guzzle/src/ClientTrait.php:95
/Users/shanerosenthal/Code/web3source/src/RequestManagers/HttpRequestManager.php:65
/Users/shanerosenthal/Code/web3source/src/Providers/HttpProvider.php:62
/Users/shanerosenthal/Code/web3source/src/Eth.php:105
/Users/shanerosenthal/Code/web3source/test/TestCase.php:53</error>
        </testcase>
      </testsuite>
      <testsuite name="Test\Unit\TransactionFormatterTest" file="/Users/shanerosenthal/Code/web3source/test/unit/TransactionFormatterTest.php" tests="1" assertions="0" errors="1" warnings="0" failures="0" skipped="0" time="0.000588">
        <testcase name="testFormat" class="Test\Unit\TransactionFormatterTest" classname="Test.Unit.TransactionFormatterTest" file="/Users/shanerosenthal/Code/web3source/test/unit/TransactionFormatterTest.php" line="33" assertions="0" time="0.000588">
          <error type="GuzzleHttp\Exception\ConnectException">Test\Unit\TransactionFormatterTest::testFormat
GuzzleHttp\Exception\ConnectException: cURL error 7: Failed to connect to localhost port 8545 after 0 ms: Connection refused (see https://curl.haxx.se/libcurl/c/libcurl-errors.html) for http://localhost:8545

/Users/shanerosenthal/Code/web3source/vendor/guzzlehttp/guzzle/src/Handler/CurlFactory.php:210
/Users/shanerosenthal/Code/web3source/vendor/guzzlehttp/guzzle/src/Handler/CurlFactory.php:158
/Users/shanerosenthal/Code/web3source/vendor/guzzlehttp/guzzle/src/Handler/CurlFactory.php:110
/Users/shanerosenthal/Code/web3source/vendor/guzzlehttp/guzzle/src/Handler/CurlHandler.php:47
/Users/shanerosenthal/Code/web3source/vendor/guzzlehttp/guzzle/src/Handler/Proxy.php:28
/Users/shanerosenthal/Code/web3source/vendor/guzzlehttp/guzzle/src/Handler/Proxy.php:48
/Users/shanerosenthal/Code/web3source/vendor/guzzlehttp/guzzle/src/PrepareBodyMiddleware.php:64
/Users/shanerosenthal/Code/web3source/vendor/guzzlehttp/guzzle/src/Middleware.php:31
/Users/shanerosenthal/Code/web3source/vendor/guzzlehttp/guzzle/src/RedirectMiddleware.php:71
/Users/shanerosenthal/Code/web3source/vendor/guzzlehttp/guzzle/src/Middleware.php:63
/Users/shanerosenthal/Code/web3source/vendor/guzzlehttp/guzzle/src/HandlerStack.php:75
/Users/shanerosenthal/Code/web3source/vendor/guzzlehttp/guzzle/src/Client.php:331
/Users/shanerosenthal/Code/web3source/vendor/guzzlehttp/guzzle/src/Client.php:168
/Users/shanerosenthal/Code/web3source/vendor/guzzlehttp/guzzle/src/Client.php:187
/Users/shanerosenthal/Code/web3source/vendor/guzzlehttp/guzzle/src/ClientTrait.php:95
/Users/shanerosenthal/Code/web3source/src/RequestManagers/HttpRequestManager.php:65
/Users/shanerosenthal/Code/web3source/src/Providers/HttpProvider.php:62
/Users/shanerosenthal/Code/web3source/src/Eth.php:105
/Users/shanerosenthal/Code/web3source/test/TestCase.php:53
/Users/shanerosenthal/Code/web3source/test/unit/TransactionFormatterTest.php:24</error>
        </testcase>
      </testsuite>
      <testsuite name="Test\Unit\RequestManagerTest" file="/Users/shanerosenthal/Code/web3source/test/unit/RequestManagerTest.php" tests="1" assertions="0" errors="1" warnings="0" failures="0" skipped="0" time="0.000652">
        <testcase name="testSetHost" class="Test\Unit\RequestManagerTest" classname="Test.Unit.RequestManagerTest" file="/Users/shanerosenthal/Code/web3source/test/unit/RequestManagerTest.php" line="15" assertions="0" time="0.000652">
          <error type="GuzzleHttp\Exception\ConnectException">Test\Unit\RequestManagerTest::testSetHost
GuzzleHttp\Exception\ConnectException: cURL error 7: Failed to connect to localhost port 8545 after 0 ms: Connection refused (see https://curl.haxx.se/libcurl/c/libcurl-errors.html) for http://localhost:8545

/Users/shanerosenthal/Code/web3source/vendor/guzzlehttp/guzzle/src/Handler/CurlFactory.php:210
/Users/shanerosenthal/Code/web3source/vendor/guzzlehttp/guzzle/src/Handler/CurlFactory.php:158
/Users/shanerosenthal/Code/web3source/vendor/guzzlehttp/guzzle/src/Handler/CurlFactory.php:110
/Users/shanerosenthal/Code/web3source/vendor/guzzlehttp/guzzle/src/Handler/CurlHandler.php:47
/Users/shanerosenthal/Code/web3source/vendor/guzzlehttp/guzzle/src/Handler/Proxy.php:28
/Users/shanerosenthal/Code/web3source/vendor/guzzlehttp/guzzle/src/Handler/Proxy.php:48
/Users/shanerosenthal/Code/web3source/vendor/guzzlehttp/guzzle/src/PrepareBodyMiddleware.php:64
/Users/shanerosenthal/Code/web3source/vendor/guzzlehttp/guzzle/src/Middleware.php:31
/Users/shanerosenthal/Code/web3source/vendor/guzzlehttp/guzzle/src/RedirectMiddleware.php:71
/Users/shanerosenthal/Code/web3source/vendor/guzzlehttp/guzzle/src/Middleware.php:63
/Users/shanerosenthal/Code/web3source/vendor/guzzlehttp/guzzle/src/HandlerStack.php:75
/Users/shanerosenthal/Code/web3source/vendor/guzzlehttp/guzzle/src/Client.php:331
/Users/shanerosenthal/Code/web3source/vendor/guzzlehttp/guzzle/src/Client.php:168
/Users/shanerosenthal/Code/web3source/vendor/guzzlehttp/guzzle/src/Client.php:187
/Users/shanerosenthal/Code/web3source/vendor/guzzlehttp/guzzle/src/ClientTrait.php:95
/Users/shanerosenthal/Code/web3source/src/RequestManagers/HttpRequestManager.php:65
/Users/shanerosenthal/Code/web3source/src/Providers/HttpProvider.php:62
/Users/shanerosenthal/Code/web3source/src/Eth.php:105
/Users/shanerosenthal/Code/web3source/test/TestCase.php:53</error>
        </testcase>
      </testsuite>
      <testsuite name="Test\Unit\CallValidatorTest" file="/Users/shanerosenthal/Code/web3source/test/unit/CallValidatorTest.php" tests="1" assertions="0" errors="1" warnings="0" failures="0" skipped="0" time="0.000599">
        <testcase name="testValidate" class="Test\Unit\CallValidatorTest" classname="Test.Unit.CallValidatorTest" file="/Users/shanerosenthal/Code/web3source/test/unit/CallValidatorTest.php" line="33" assertions="0" time="0.000599">
          <error type="GuzzleHttp\Exception\ConnectException">Test\Unit\CallValidatorTest::testValidate
GuzzleHttp\Exception\ConnectException: cURL error 7: Failed to connect to localhost port 8545 after 0 ms: Connection refused (see https://curl.haxx.se/libcurl/c/libcurl-errors.html) for http://localhost:8545

/Users/shanerosenthal/Code/web3source/vendor/guzzlehttp/guzzle/src/Handler/CurlFactory.php:210
/Users/shanerosenthal/Code/web3source/vendor/guzzlehttp/guzzle/src/Handler/CurlFactory.php:158
/Users/shanerosenthal/Code/web3source/vendor/guzzlehttp/guzzle/src/Handler/CurlFactory.php:110
/Users/shanerosenthal/Code/web3source/vendor/guzzlehttp/guzzle/src/Handler/CurlHandler.php:47
/Users/shanerosenthal/Code/web3source/vendor/guzzlehttp/guzzle/src/Handler/Proxy.php:28
/Users/shanerosenthal/Code/web3source/vendor/guzzlehttp/guzzle/src/Handler/Proxy.php:48
/Users/shanerosenthal/Code/web3source/vendor/guzzlehttp/guzzle/src/PrepareBodyMiddleware.php:64
/Users/shanerosenthal/Code/web3source/vendor/guzzlehttp/guzzle/src/Middleware.php:31
/Users/shanerosenthal/Code/web3source/vendor/guzzlehttp/guzzle/src/RedirectMiddleware.php:71
/Users/shanerosenthal/Code/web3source/vendor/guzzlehttp/guzzle/src/Middleware.php:63
/Users/shanerosenthal/Code/web3source/vendor/guzzlehttp/guzzle/src/HandlerStack.php:75
/Users/shanerosenthal/Code/web3source/vendor/guzzlehttp/guzzle/src/Client.php:331
/Users/shanerosenthal/Code/web3source/vendor/guzzlehttp/guzzle/src/Client.php:168
/Users/shanerosenthal/Code/web3source/vendor/guzzlehttp/guzzle/src/Client.php:187
/Users/shanerosenthal/Code/web3source/vendor/guzzlehttp/guzzle/src/ClientTrait.php:95
/Users/shanerosenthal/Code/web3source/src/RequestManagers/HttpRequestManager.php:65
/Users/shanerosenthal/Code/web3source/src/Providers/HttpProvider.php:62
/Users/shanerosenthal/Code/web3source/src/Eth.php:105
/Users/shanerosenthal/Code/web3source/test/TestCase.php:53
/Users/shanerosenthal/Code/web3source/test/unit/CallValidatorTest.php:24</error>
        </testcase>
      </testsuite>
      <testsuite name="Test\Unit\BlockHashValidatorTest" file="/Users/shanerosenthal/Code/web3source/test/unit/BlockHashValidatorTest.php" tests="1" assertions="0" errors="1" warnings="0" failures="0" skipped="0" time="0.000586">
        <testcase name="testValidate" class="Test\Unit\BlockHashValidatorTest" classname="Test.Unit.BlockHashValidatorTest" file="/Users/shanerosenthal/Code/web3source/test/unit/BlockHashValidatorTest.php" line="33" assertions="0" time="0.000586">
          <error type="GuzzleHttp\Exception\ConnectException">Test\Unit\BlockHashValidatorTest::testValidate
GuzzleHttp\Exception\ConnectException: cURL error 7: Failed to connect to localhost port 8545 after 0 ms: Connection refused (see https://curl.haxx.se/libcurl/c/libcurl-errors.html) for http://localhost:8545

/Users/shanerosenthal/Code/web3source/vendor/guzzlehttp/guzzle/src/Handler/CurlFactory.php:210
/Users/shanerosenthal/Code/web3source/vendor/guzzlehttp/guzzle/src/Handler/CurlFactory.php:158
/Users/shanerosenthal/Code/web3source/vendor/guzzlehttp/guzzle/src/Handler/CurlFactory.php:110
/Users/shanerosenthal/Code/web3source/vendor/guzzlehttp/guzzle/src/Handler/CurlHandler.php:47
/Users/shanerosenthal/Code/web3source/vendor/guzzlehttp/guzzle/src/Handler/Proxy.php:28
/Users/shanerosenthal/Code/web3source/vendor/guzzlehttp/guzzle/src/Handler/Proxy.php:48
/Users/shanerosenthal/Code/web3source/vendor/guzzlehttp/guzzle/src/PrepareBodyMiddleware.php:64
/Users/shanerosenthal/Code/web3source/vendor/guzzlehttp/guzzle/src/Middleware.php:31
/Users/shanerosenthal/Code/web3source/vendor/guzzlehttp/guzzle/src/RedirectMiddleware.php:71
/Users/shanerosenthal/Code/web3source/vendor/guzzlehttp/guzzle/src/Middleware.php:63
/Users/shanerosenthal/Code/web3source/vendor/guzzlehttp/guzzle/src/HandlerStack.php:75
/Users/shanerosenthal/Code/web3source/vendor/guzzlehttp/guzzle/src/Client.php:331
/Users/shanerosenthal/Code/web3source/vendor/guzzlehttp/guzzle/src/Client.php:168
/Users/shanerosenthal/Code/web3source/vendor/guzzlehttp/guzzle/src/Client.php:187
/Users/shanerosenthal/Code/web3source/vendor/guzzlehttp/guzzle/src/ClientTrait.php:95
/Users/shanerosenthal/Code/web3source/src/RequestManagers/HttpRequestManager.php:65
/Users/shanerosenthal/Code/web3source/src/Providers/HttpProvider.php:62
/Users/shanerosenthal/Code/web3source/src/Eth.php:105
/Users/shanerosenthal/Code/web3source/test/TestCase.php:53
/Users/shanerosenthal/Code/web3source/test/unit/BlockHashValidatorTest.php:24</error>
        </testcase>
      </testsuite>
      <testsuite name="Test\Unit\PostValidatorTest" file="/Users/shanerosenthal/Code/web3source/test/unit/PostValidatorTest.php" tests="1" assertions="0" errors="1" warnings="0" failures="0" skipped="0" time="0.000609">
        <testcase name="testValidate" class="Test\Unit\PostValidatorTest" classname="Test.Unit.PostValidatorTest" file="/Users/shanerosenthal/Code/web3source/test/unit/PostValidatorTest.php" line="33" assertions="0" time="0.000609">
          <error type="GuzzleHttp\Exception\ConnectException">Test\Unit\PostValidatorTest::testValidate
GuzzleHttp\Exception\ConnectException: cURL error 7: Failed to connect to localhost port 8545 after 0 ms: Connection refused (see https://curl.haxx.se/libcurl/c/libcurl-errors.html) for http://localhost:8545

/Users/shanerosenthal/Code/web3source/vendor/guzzlehttp/guzzle/src/Handler/CurlFactory.php:210
/Users/shanerosenthal/Code/web3source/vendor/guzzlehttp/guzzle/src/Handler/CurlFactory.php:158
/Users/shanerosenthal/Code/web3source/vendor/guzzlehttp/guzzle/src/Handler/CurlFactory.php:110
/Users/shanerosenthal/Code/web3source/vendor/guzzlehttp/guzzle/src/Handler/CurlHandler.php:47
/Users/shanerosenthal/Code/web3source/vendor/guzzlehttp/guzzle/src/Handler/Proxy.php:28
/Users/shanerosenthal/Code/web3source/vendor/guzzlehttp/guzzle/src/Handler/Proxy.php:48
/Users/shanerosenthal/Code/web3source/vendor/guzzlehttp/guzzle/src/PrepareBodyMiddleware.php:64
/Users/shanerosenthal/Code/web3source/vendor/guzzlehttp/guzzle/src/Middleware.php:31
/Users/shanerosenthal/Code/web3source/vendor/guzzlehttp/guzzle/src/RedirectMiddleware.php:71
/Users/shanerosenthal/Code/web3source/vendor/guzzlehttp/guzzle/src/Middleware.php:63
/Users/shanerosenthal/Code/web3source/vendor/guzzlehttp/guzzle/src/HandlerStack.php:75
/Users/shanerosenthal/Code/web3source/vendor/guzzlehttp/guzzle/src/Client.php:331
/Users/shanerosenthal/Code/web3source/vendor/guzzlehttp/guzzle/src/Client.php:168
/Users/shanerosenthal/Code/web3source/vendor/guzzlehttp/guzzle/src/Client.php:187
/Users/shanerosenthal/Code/web3source/vendor/guzzlehttp/guzzle/src/ClientTrait.php:95
/Users/shanerosenthal/Code/web3source/src/RequestManagers/HttpRequestManager.php:65
/Users/shanerosenthal/Code/web3source/src/Providers/HttpProvider.php:62
/Users/shanerosenthal/Code/web3source/src/Eth.php:105
/Users/shanerosenthal/Code/web3source/test/TestCase.php:53
/Users/shanerosenthal/Code/web3source/test/unit/PostValidatorTest.php:24</error>
        </testcase>
      </testsuite>
      <testsuite name="Test\Unit\HttpProviderTest" file="/Users/shanerosenthal/Code/web3source/test/unit/HttpProviderTest.php" tests="2" assertions="0" errors="2" warnings="0" failures="0" skipped="0" time="0.001125">
        <testcase name="testSend" class="Test\Unit\HttpProviderTest" classname="Test.Unit.HttpProviderTest" file="/Users/shanerosenthal/Code/web3source/test/unit/HttpProviderTest.php" line="18" assertions="0" time="0.000583">
          <error type="GuzzleHttp\Exception\ConnectException">Test\Unit\HttpProviderTest::testSend
GuzzleHttp\Exception\ConnectException: cURL error 7: Failed to connect to localhost port 8545 after 0 ms: Connection refused (see https://curl.haxx.se/libcurl/c/libcurl-errors.html) for http://localhost:8545

/Users/shanerosenthal/Code/web3source/vendor/guzzlehttp/guzzle/src/Handler/CurlFactory.php:210
/Users/shanerosenthal/Code/web3source/vendor/guzzlehttp/guzzle/src/Handler/CurlFactory.php:158
/Users/shanerosenthal/Code/web3source/vendor/guzzlehttp/guzzle/src/Handler/CurlFactory.php:110
/Users/shanerosenthal/Code/web3source/vendor/guzzlehttp/guzzle/src/Handler/CurlHandler.php:47
/Users/shanerosenthal/Code/web3source/vendor/guzzlehttp/guzzle/src/Handler/Proxy.php:28
/Users/shanerosenthal/Code/web3source/vendor/guzzlehttp/guzzle/src/Handler/Proxy.php:48
/Users/shanerosenthal/Code/web3source/vendor/guzzlehttp/guzzle/src/PrepareBodyMiddleware.php:64
/Users/shanerosenthal/Code/web3source/vendor/guzzlehttp/guzzle/src/Middleware.php:31
/Users/shanerosenthal/Code/web3source/vendor/guzzlehttp/guzzle/src/RedirectMiddleware.php:71
/Users/shanerosenthal/Code/web3source/vendor/guzzlehttp/guzzle/src/Middleware.php:63
/Users/shanerosenthal/Code/web3source/vendor/guzzlehttp/guzzle/src/HandlerStack.php:75
/Users/shanerosenthal/Code/web3source/vendor/guzzlehttp/guzzle/src/Client.php:331
/Users/shanerosenthal/Code/web3source/vendor/guzzlehttp/guzzle/src/Client.php:168
/Users/shanerosenthal/Code/web3source/vendor/guzzlehttp/guzzle/src/Client.php:187
/Users/shanerosenthal/Code/web3source/vendor/guzzlehttp/guzzle/src/ClientTrait.php:95
/Users/shanerosenthal/Code/web3source/src/RequestManagers/HttpRequestManager.php:65
/Users/shanerosenthal/Code/web3source/src/Providers/HttpProvider.php:62
/Users/shanerosenthal/Code/web3source/src/Eth.php:105
/Users/shanerosenthal/Code/web3source/test/TestCase.php:53</error>
        </testcase>
        <testcase name="testBatch" class="Test\Unit\HttpProviderTest" classname="Test.Unit.HttpProviderTest" file="/Users/shanerosenthal/Code/web3source/test/unit/HttpProviderTest.php" line="37" assertions="0" time="0.000542">
          <error type="GuzzleHttp\Exception\ConnectException">Test\Unit\HttpProviderTest::testBatch
GuzzleHttp\Exception\ConnectException: cURL error 7: Failed to connect to localhost port 8545 after 0 ms: Connection refused (see https://curl.haxx.se/libcurl/c/libcurl-errors.html) for http://localhost:8545

/Users/shanerosenthal/Code/web3source/vendor/guzzlehttp/guzzle/src/Handler/CurlFactory.php:210
/Users/shanerosenthal/Code/web3source/vendor/guzzlehttp/guzzle/src/Handler/CurlFactory.php:158
/Users/shanerosenthal/Code/web3source/vendor/guzzlehttp/guzzle/src/Handler/CurlFactory.php:110
/Users/shanerosenthal/Code/web3source/vendor/guzzlehttp/guzzle/src/Handler/CurlHandler.php:47
/Users/shanerosenthal/Code/web3source/vendor/guzzlehttp/guzzle/src/Handler/Proxy.php:28
/Users/shanerosenthal/Code/web3source/vendor/guzzlehttp/guzzle/src/Handler/Proxy.php:48
/Users/shanerosenthal/Code/web3source/vendor/guzzlehttp/guzzle/src/PrepareBodyMiddleware.php:64
/Users/shanerosenthal/Code/web3source/vendor/guzzlehttp/guzzle/src/Middleware.php:31
/Users/shanerosenthal/Code/web3source/vendor/guzzlehttp/guzzle/src/RedirectMiddleware.php:71
/Users/shanerosenthal/Code/web3source/vendor/guzzlehttp/guzzle/src/Middleware.php:63
/Users/shanerosenthal/Code/web3source/vendor/guzzlehttp/guzzle/src/HandlerStack.php:75
/Users/shanerosenthal/Code/web3source/vendor/guzzlehttp/guzzle/src/Client.php:331
/Users/shanerosenthal/Code/web3source/vendor/guzzlehttp/guzzle/src/Client.php:168
/Users/shanerosenthal/Code/web3source/vendor/guzzlehttp/guzzle/src/Client.php:187
/Users/shanerosenthal/Code/web3source/vendor/guzzlehttp/guzzle/src/ClientTrait.php:95
/Users/shanerosenthal/Code/web3source/src/RequestManagers/HttpRequestManager.php:65
/Users/shanerosenthal/Code/web3source/src/Providers/HttpProvider.php:62
/Users/shanerosenthal/Code/web3source/src/Eth.php:105
/Users/shanerosenthal/Code/web3source/test/TestCase.php:53</error>
        </testcase>
      </testsuite>
      <testsuite name="Test\Unit\ShhBatchTest" file="/Users/shanerosenthal/Code/web3source/test/unit/ShhBatchTest.php" tests="1" assertions="0" errors="1" warnings="0" failures="0" skipped="0" time="0.000505">
        <testcase name="testBatch" class="Test\Unit\ShhBatchTest" classname="Test.Unit.ShhBatchTest" file="/Users/shanerosenthal/Code/web3source/test/unit/ShhBatchTest.php" line="34" assertions="0" time="0.000505">
          <error type="GuzzleHttp\Exception\ConnectException">Test\Unit\ShhBatchTest::testBatch
GuzzleHttp\Exception\ConnectException: cURL error 7: Failed to connect to localhost port 8545 after 0 ms: Connection refused (see https://curl.haxx.se/libcurl/c/libcurl-errors.html) for http://localhost:8545

/Users/shanerosenthal/Code/web3source/vendor/guzzlehttp/guzzle/src/Handler/CurlFactory.php:210
/Users/shanerosenthal/Code/web3source/vendor/guzzlehttp/guzzle/src/Handler/CurlFactory.php:158
/Users/shanerosenthal/Code/web3source/vendor/guzzlehttp/guzzle/src/Handler/CurlFactory.php:110
/Users/shanerosenthal/Code/web3source/vendor/guzzlehttp/guzzle/src/Handler/CurlHandler.php:47
/Users/shanerosenthal/Code/web3source/vendor/guzzlehttp/guzzle/src/Handler/Proxy.php:28
/Users/shanerosenthal/Code/web3source/vendor/guzzlehttp/guzzle/src/Handler/Proxy.php:48
/Users/shanerosenthal/Code/web3source/vendor/guzzlehttp/guzzle/src/PrepareBodyMiddleware.php:64
/Users/shanerosenthal/Code/web3source/vendor/guzzlehttp/guzzle/src/Middleware.php:31
/Users/shanerosenthal/Code/web3source/vendor/guzzlehttp/guzzle/src/RedirectMiddleware.php:71
/Users/shanerosenthal/Code/web3source/vendor/guzzlehttp/guzzle/src/Middleware.php:63
/Users/shanerosenthal/Code/web3source/vendor/guzzlehttp/guzzle/src/HandlerStack.php:75
/Users/shanerosenthal/Code/web3source/vendor/guzzlehttp/guzzle/src/Client.php:331
/Users/shanerosenthal/Code/web3source/vendor/guzzlehttp/guzzle/src/Client.php:168
/Users/shanerosenthal/Code/web3source/vendor/guzzlehttp/guzzle/src/Client.php:187
/Users/shanerosenthal/Code/web3source/vendor/guzzlehttp/guzzle/src/ClientTrait.php:95
/Users/shanerosenthal/Code/web3source/src/RequestManagers/HttpRequestManager.php:65
/Users/shanerosenthal/Code/web3source/src/Providers/HttpProvider.php:62
/Users/shanerosenthal/Code/web3source/src/Eth.php:105
/Users/shanerosenthal/Code/web3source/test/TestCase.php:53
/Users/shanerosenthal/Code/web3source/test/unit/ShhBatchTest.php:24</error>
        </testcase>
      </testsuite>
      <testsuite name="Test\Unit\OptionalQuantityFormatterTest" file="/Users/shanerosenthal/Code/web3source/test/unit/OptionalQuantityFormatterTest.php" tests="1" assertions="0" errors="1" warnings="0" failures="0" skipped="0" time="0.000488">
        <testcase name="testFormat" class="Test\Unit\OptionalQuantityFormatterTest" classname="Test.Unit.OptionalQuantityFormatterTest" file="/Users/shanerosenthal/Code/web3source/test/unit/OptionalQuantityFormatterTest.php" line="33" assertions="0" time="0.000488">
          <error type="GuzzleHttp\Exception\ConnectException">Test\Unit\OptionalQuantityFormatterTest::testFormat
GuzzleHttp\Exception\ConnectException: cURL error 7: Failed to connect to localhost port 8545 after 0 ms: Connection refused (see https://curl.haxx.se/libcurl/c/libcurl-errors.html) for http://localhost:8545

/Users/shanerosenthal/Code/web3source/vendor/guzzlehttp/guzzle/src/Handler/CurlFactory.php:210
/Users/shanerosenthal/Code/web3source/vendor/guzzlehttp/guzzle/src/Handler/CurlFactory.php:158
/Users/shanerosenthal/Code/web3source/vendor/guzzlehttp/guzzle/src/Handler/CurlFactory.php:110
/Users/shanerosenthal/Code/web3source/vendor/guzzlehttp/guzzle/src/Handler/CurlHandler.php:47
/Users/shanerosenthal/Code/web3source/vendor/guzzlehttp/guzzle/src/Handler/Proxy.php:28
/Users/shanerosenthal/Code/web3source/vendor/guzzlehttp/guzzle/src/Handler/Proxy.php:48
/Users/shanerosenthal/Code/web3source/vendor/guzzlehttp/guzzle/src/PrepareBodyMiddleware.php:64
/Users/shanerosenthal/Code/web3source/vendor/guzzlehttp/guzzle/src/Middleware.php:31
/Users/shanerosenthal/Code/web3source/vendor/guzzlehttp/guzzle/src/RedirectMiddleware.php:71
/Users/shanerosenthal/Code/web3source/vendor/guzzlehttp/guzzle/src/Middleware.php:63
/Users/shanerosenthal/Code/web3source/vendor/guzzlehttp/guzzle/src/HandlerStack.php:75
/Users/shanerosenthal/Code/web3source/vendor/guzzlehttp/guzzle/src/Client.php:331
/Users/shanerosenthal/Code/web3source/vendor/guzzlehttp/guzzle/src/Client.php:168
/Users/shanerosenthal/Code/web3source/vendor/guzzlehttp/guzzle/src/Client.php:187
/Users/shanerosenthal/Code/web3source/vendor/guzzlehttp/guzzle/src/ClientTrait.php:95
/Users/shanerosenthal/Code/web3source/src/RequestManagers/HttpRequestManager.php:65
/Users/shanerosenthal/Code/web3source/src/Providers/HttpProvider.php:62
/Users/shanerosenthal/Code/web3source/src/Eth.php:105
/Users/shanerosenthal/Code/web3source/test/TestCase.php:53
/Users/shanerosenthal/Code/web3source/test/unit/OptionalQuantityFormatterTest.php:24</error>
        </testcase>
      </testsuite>
      <testsuite name="Test\Unit\Web3BatchTest" file="/Users/shanerosenthal/Code/web3source/test/unit/Web3BatchTest.php" tests="2" assertions="0" errors="2" warnings="0" failures="0" skipped="0" time="0.000999">
        <testcase name="testWrongParam" class="Test\Unit\Web3BatchTest" classname="Test.Unit.Web3BatchTest" file="/Users/shanerosenthal/Code/web3source/test/unit/Web3BatchTest.php" line="63" assertions="0" time="0.000522">
          <error type="GuzzleHttp\Exception\ConnectException">Test\Unit\Web3BatchTest::testWrongParam
GuzzleHttp\Exception\ConnectException: cURL error 7: Failed to connect to localhost port 8545 after 0 ms: Connection refused (see https://curl.haxx.se/libcurl/c/libcurl-errors.html) for http://localhost:8545

/Users/shanerosenthal/Code/web3source/vendor/guzzlehttp/guzzle/src/Handler/CurlFactory.php:210
/Users/shanerosenthal/Code/web3source/vendor/guzzlehttp/guzzle/src/Handler/CurlFactory.php:158
/Users/shanerosenthal/Code/web3source/vendor/guzzlehttp/guzzle/src/Handler/CurlFactory.php:110
/Users/shanerosenthal/Code/web3source/vendor/guzzlehttp/guzzle/src/Handler/CurlHandler.php:47
/Users/shanerosenthal/Code/web3source/vendor/guzzlehttp/guzzle/src/Handler/Proxy.php:28
/Users/shanerosenthal/Code/web3source/vendor/guzzlehttp/guzzle/src/Handler/Proxy.php:48
/Users/shanerosenthal/Code/web3source/vendor/guzzlehttp/guzzle/src/PrepareBodyMiddleware.php:64
/Users/shanerosenthal/Code/web3source/vendor/guzzlehttp/guzzle/src/Middleware.php:31
/Users/shanerosenthal/Code/web3source/vendor/guzzlehttp/guzzle/src/RedirectMiddleware.php:71
/Users/shanerosenthal/Code/web3source/vendor/guzzlehttp/guzzle/src/Middleware.php:63
/Users/shanerosenthal/Code/web3source/vendor/guzzlehttp/guzzle/src/HandlerStack.php:75
/Users/shanerosenthal/Code/web3source/vendor/guzzlehttp/guzzle/src/Client.php:331
/Users/shanerosenthal/Code/web3source/vendor/guzzlehttp/guzzle/src/Client.php:168
/Users/shanerosenthal/Code/web3source/vendor/guzzlehttp/guzzle/src/Client.php:187
/Users/shanerosenthal/Code/web3source/vendor/guzzlehttp/guzzle/src/ClientTrait.php:95
/Users/shanerosenthal/Code/web3source/src/RequestManagers/HttpRequestManager.php:65
/Users/shanerosenthal/Code/web3source/src/Providers/HttpProvider.php:62
/Users/shanerosenthal/Code/web3source/src/Eth.php:105
/Users/shanerosenthal/Code/web3source/test/TestCase.php:53
/Users/shanerosenthal/Code/web3source/test/unit/Web3BatchTest.php:33</error>
        </testcase>
        <testcase name="testBatch" class="Test\Unit\Web3BatchTest" classname="Test.Unit.Web3BatchTest" file="/Users/shanerosenthal/Code/web3source/test/unit/Web3BatchTest.php" line="41" assertions="0" time="0.000476">
          <error type="GuzzleHttp\Exception\ConnectException">Test\Unit\Web3BatchTest::testBatch
GuzzleHttp\Exception\ConnectException: cURL error 7: Failed to connect to localhost port 8545 after 0 ms: Connection refused (see https://curl.haxx.se/libcurl/c/libcurl-errors.html) for http://localhost:8545

/Users/shanerosenthal/Code/web3source/vendor/guzzlehttp/guzzle/src/Handler/CurlFactory.php:210
/Users/shanerosenthal/Code/web3source/vendor/guzzlehttp/guzzle/src/Handler/CurlFactory.php:158
/Users/shanerosenthal/Code/web3source/vendor/guzzlehttp/guzzle/src/Handler/CurlFactory.php:110
/Users/shanerosenthal/Code/web3source/vendor/guzzlehttp/guzzle/src/Handler/CurlHandler.php:47
/Users/shanerosenthal/Code/web3source/vendor/guzzlehttp/guzzle/src/Handler/Proxy.php:28
/Users/shanerosenthal/Code/web3source/vendor/guzzlehttp/guzzle/src/Handler/Proxy.php:48
/Users/shanerosenthal/Code/web3source/vendor/guzzlehttp/guzzle/src/PrepareBodyMiddleware.php:64
/Users/shanerosenthal/Code/web3source/vendor/guzzlehttp/guzzle/src/Middleware.php:31
/Users/shanerosenthal/Code/web3source/vendor/guzzlehttp/guzzle/src/RedirectMiddleware.php:71
/Users/shanerosenthal/Code/web3source/vendor/guzzlehttp/guzzle/src/Middleware.php:63
/Users/shanerosenthal/Code/web3source/vendor/guzzlehttp/guzzle/src/HandlerStack.php:75
/Users/shanerosenthal/Code/web3source/vendor/guzzlehttp/guzzle/src/Client.php:331
/Users/shanerosenthal/Code/web3source/vendor/guzzlehttp/guzzle/src/Client.php:168
/Users/shanerosenthal/Code/web3source/vendor/guzzlehttp/guzzle/src/Client.php:187
/Users/shanerosenthal/Code/web3source/vendor/guzzlehttp/guzzle/src/ClientTrait.php:95
/Users/shanerosenthal/Code/web3source/src/RequestManagers/HttpRequestManager.php:65
/Users/shanerosenthal/Code/web3source/src/Providers/HttpProvider.php:62
/Users/shanerosenthal/Code/web3source/src/Eth.php:105
/Users/shanerosenthal/Code/web3source/test/TestCase.php:53
/Users/shanerosenthal/Code/web3source/test/unit/Web3BatchTest.php:33</error>
        </testcase>
      </testsuite>
      <testsuite name="Test\Unit\ShhApiTest" file="/Users/shanerosenthal/Code/web3source/test/unit/ShhApiTest.php" tests="3" assertions="0" errors="3" warnings="0" failures="0" skipped="0" time="0.001280">
        <testcase name="testWrongCallback" class="Test\Unit\ShhApiTest" classname="Test.Unit.ShhApiTest" file="/Users/shanerosenthal/Code/web3source/test/unit/ShhApiTest.php" line="492" assertions="0" time="0.000446">
          <error type="GuzzleHttp\Exception\ConnectException">Test\Unit\ShhApiTest::testWrongCallback
GuzzleHttp\Exception\ConnectException: cURL error 7: Failed to connect to localhost port 8545 after 0 ms: Connection refused (see https://curl.haxx.se/libcurl/c/libcurl-errors.html) for http://localhost:8545

/Users/shanerosenthal/Code/web3source/vendor/guzzlehttp/guzzle/src/Handler/CurlFactory.php:210
/Users/shanerosenthal/Code/web3source/vendor/guzzlehttp/guzzle/src/Handler/CurlFactory.php:158
/Users/shanerosenthal/Code/web3source/vendor/guzzlehttp/guzzle/src/Handler/CurlFactory.php:110
/Users/shanerosenthal/Code/web3source/vendor/guzzlehttp/guzzle/src/Handler/CurlHandler.php:47
/Users/shanerosenthal/Code/web3source/vendor/guzzlehttp/guzzle/src/Handler/Proxy.php:28
/Users/shanerosenthal/Code/web3source/vendor/guzzlehttp/guzzle/src/Handler/Proxy.php:48
/Users/shanerosenthal/Code/web3source/vendor/guzzlehttp/guzzle/src/PrepareBodyMiddleware.php:64
/Users/shanerosenthal/Code/web3source/vendor/guzzlehttp/guzzle/src/Middleware.php:31
/Users/shanerosenthal/Code/web3source/vendor/guzzlehttp/guzzle/src/RedirectMiddleware.php:71
/Users/shanerosenthal/Code/web3source/vendor/guzzlehttp/guzzle/src/Middleware.php:63
/Users/shanerosenthal/Code/web3source/vendor/guzzlehttp/guzzle/src/HandlerStack.php:75
/Users/shanerosenthal/Code/web3source/vendor/guzzlehttp/guzzle/src/Client.php:331
/Users/shanerosenthal/Code/web3source/vendor/guzzlehttp/guzzle/src/Client.php:168
/Users/shanerosenthal/Code/web3source/vendor/guzzlehttp/guzzle/src/Client.php:187
/Users/shanerosenthal/Code/web3source/vendor/guzzlehttp/guzzle/src/ClientTrait.php:95
/Users/shanerosenthal/Code/web3source/src/RequestManagers/HttpRequestManager.php:65
/Users/shanerosenthal/Code/web3source/src/Providers/HttpProvider.php:62
/Users/shanerosenthal/Code/web3source/src/Eth.php:105
/Users/shanerosenthal/Code/web3source/test/TestCase.php:53
/Users/shanerosenthal/Code/web3source/test/unit/ShhApiTest.php:26</error>
        </testcase>
        <testcase name="testVersion" class="Test\Unit\ShhApiTest" classname="Test.Unit.ShhApiTest" file="/Users/shanerosenthal/Code/web3source/test/unit/ShhApiTest.php" line="36" assertions="0" time="0.000418">
          <error type="GuzzleHttp\Exception\ConnectException">Test\Unit\ShhApiTest::testVersion
GuzzleHttp\Exception\ConnectException: cURL error 7: Failed to connect to localhost port 8545 after 0 ms: Connection refused (see https://curl.haxx.se/libcurl/c/libcurl-errors.html) for http://localhost:8545

/Users/shanerosenthal/Code/web3source/vendor/guzzlehttp/guzzle/src/Handler/CurlFactory.php:210
/Users/shanerosenthal/Code/web3source/vendor/guzzlehttp/guzzle/src/Handler/CurlFactory.php:158
/Users/shanerosenthal/Code/web3source/vendor/guzzlehttp/guzzle/src/Handler/CurlFactory.php:110
/Users/shanerosenthal/Code/web3source/vendor/guzzlehttp/guzzle/src/Handler/CurlHandler.php:47
/Users/shanerosenthal/Code/web3source/vendor/guzzlehttp/guzzle/src/Handler/Proxy.php:28
/Users/shanerosenthal/Code/web3source/vendor/guzzlehttp/guzzle/src/Handler/Proxy.php:48
/Users/shanerosenthal/Code/web3source/vendor/guzzlehttp/guzzle/src/PrepareBodyMiddleware.php:64
/Users/shanerosenthal/Code/web3source/vendor/guzzlehttp/guzzle/src/Middleware.php:31
/Users/shanerosenthal/Code/web3source/vendor/guzzlehttp/guzzle/src/RedirectMiddleware.php:71
/Users/shanerosenthal/Code/web3source/vendor/guzzlehttp/guzzle/src/Middleware.php:63
/Users/shanerosenthal/Code/web3source/vendor/guzzlehttp/guzzle/src/HandlerStack.php:75
/Users/shanerosenthal/Code/web3source/vendor/guzzlehttp/guzzle/src/Client.php:331
/Users/shanerosenthal/Code/web3source/vendor/guzzlehttp/guzzle/src/Client.php:168
/Users/shanerosenthal/Code/web3source/vendor/guzzlehttp/guzzle/src/Client.php:187
/Users/shanerosenthal/Code/web3source/vendor/guzzlehttp/guzzle/src/ClientTrait.php:95
/Users/shanerosenthal/Code/web3source/src/RequestManagers/HttpRequestManager.php:65
/Users/shanerosenthal/Code/web3source/src/Providers/HttpProvider.php:62
/Users/shanerosenthal/Code/web3source/src/Eth.php:105
/Users/shanerosenthal/Code/web3source/test/TestCase.php:53
/Users/shanerosenthal/Code/web3source/test/unit/ShhApiTest.php:26</error>
        </testcase>
        <testcase name="testUnallowedMethod" class="Test\Unit\ShhApiTest" classname="Test.Unit.ShhApiTest" file="/Users/shanerosenthal/Code/web3source/test/unit/ShhApiTest.php" line="473" assertions="0" time="0.000416">
          <error type="GuzzleHttp\Exception\ConnectException">Test\Unit\ShhApiTest::testUnallowedMethod
GuzzleHttp\Exception\ConnectException: cURL error 7: Failed to connect to localhost port 8545 after 0 ms: Connection refused (see https://curl.haxx.se/libcurl/c/libcurl-errors.html) for http://localhost:8545

/Users/shanerosenthal/Code/web3source/vendor/guzzlehttp/guzzle/src/Handler/CurlFactory.php:210
/Users/shanerosenthal/Code/web3source/vendor/guzzlehttp/guzzle/src/Handler/CurlFactory.php:158
/Users/shanerosenthal/Code/web3source/vendor/guzzlehttp/guzzle/src/Handler/CurlFactory.php:110
/Users/shanerosenthal/Code/web3source/vendor/guzzlehttp/guzzle/src/Handler/CurlHandler.php:47
/Users/shanerosenthal/Code/web3source/vendor/guzzlehttp/guzzle/src/Handler/Proxy.php:28
/Users/shanerosenthal/Code/web3source/vendor/guzzlehttp/guzzle/src/Handler/Proxy.php:48
/Users/shanerosenthal/Code/web3source/vendor/guzzlehttp/guzzle/src/PrepareBodyMiddleware.php:64
/Users/shanerosenthal/Code/web3source/vendor/guzzlehttp/guzzle/src/Middleware.php:31
/Users/shanerosenthal/Code/web3source/vendor/guzzlehttp/guzzle/src/RedirectMiddleware.php:71
/Users/shanerosenthal/Code/web3source/vendor/guzzlehttp/guzzle/src/Middleware.php:63
/Users/shanerosenthal/Code/web3source/vendor/guzzlehttp/guzzle/src/HandlerStack.php:75
/Users/shanerosenthal/Code/web3source/vendor/guzzlehttp/guzzle/src/Client.php:331
/Users/shanerosenthal/Code/web3source/vendor/guzzlehttp/guzzle/src/Client.php:168
/Users/shanerosenthal/Code/web3source/vendor/guzzlehttp/guzzle/src/Client.php:187
/Users/shanerosenthal/Code/web3source/vendor/guzzlehttp/guzzle/src/ClientTrait.php:95
/Users/shanerosenthal/Code/web3source/src/RequestManagers/HttpRequestManager.php:65
/Users/shanerosenthal/Code/web3source/src/Providers/HttpProvider.php:62
/Users/shanerosenthal/Code/web3source/src/Eth.php:105
/Users/shanerosenthal/Code/web3source/test/TestCase.php:53
/Users/shanerosenthal/Code/web3source/test/unit/ShhApiTest.php:26</error>
        </testcase>
      </testsuite>
      <testsuite name="Test\Unit\QuantityFormatterTest" file="/Users/shanerosenthal/Code/web3source/test/unit/QuantityFormatterTest.php" tests="1" assertions="0" errors="1" warnings="0" failures="0" skipped="0" time="0.000496">
        <testcase name="testFormat" class="Test\Unit\QuantityFormatterTest" classname="Test.Unit.QuantityFormatterTest" file="/Users/shanerosenthal/Code/web3source/test/unit/QuantityFormatterTest.php" line="33" assertions="0" time="0.000496">
          <error type="GuzzleHttp\Exception\ConnectException">Test\Unit\QuantityFormatterTest::testFormat
GuzzleHttp\Exception\ConnectException: cURL error 7: Failed to connect to localhost port 8545 after 0 ms: Connection refused (see https://curl.haxx.se/libcurl/c/libcurl-errors.html) for http://localhost:8545

/Users/shanerosenthal/Code/web3source/vendor/guzzlehttp/guzzle/src/Handler/CurlFactory.php:210
/Users/shanerosenthal/Code/web3source/vendor/guzzlehttp/guzzle/src/Handler/CurlFactory.php:158
/Users/shanerosenthal/Code/web3source/vendor/guzzlehttp/guzzle/src/Handler/CurlFactory.php:110
/Users/shanerosenthal/Code/web3source/vendor/guzzlehttp/guzzle/src/Handler/CurlHandler.php:47
/Users/shanerosenthal/Code/web3source/vendor/guzzlehttp/guzzle/src/Handler/Proxy.php:28
/Users/shanerosenthal/Code/web3source/vendor/guzzlehttp/guzzle/src/Handler/Proxy.php:48
/Users/shanerosenthal/Code/web3source/vendor/guzzlehttp/guzzle/src/PrepareBodyMiddleware.php:64
/Users/shanerosenthal/Code/web3source/vendor/guzzlehttp/guzzle/src/Middleware.php:31
/Users/shanerosenthal/Code/web3source/vendor/guzzlehttp/guzzle/src/RedirectMiddleware.php:71
/Users/shanerosenthal/Code/web3source/vendor/guzzlehttp/guzzle/src/Middleware.php:63
/Users/shanerosenthal/Code/web3source/vendor/guzzlehttp/guzzle/src/HandlerStack.php:75
/Users/shanerosenthal/Code/web3source/vendor/guzzlehttp/guzzle/src/Client.php:331
/Users/shanerosenthal/Code/web3source/vendor/guzzlehttp/guzzle/src/Client.php:168
/Users/shanerosenthal/Code/web3source/vendor/guzzlehttp/guzzle/src/Client.php:187
/Users/shanerosenthal/Code/web3source/vendor/guzzlehttp/guzzle/src/ClientTrait.php:95
/Users/shanerosenthal/Code/web3source/src/RequestManagers/HttpRequestManager.php:65
/Users/shanerosenthal/Code/web3source/src/Providers/HttpProvider.php:62
/Users/shanerosenthal/Code/web3source/src/Eth.php:105
/Users/shanerosenthal/Code/web3source/test/TestCase.php:53
/Users/shanerosenthal/Code/web3source/test/unit/QuantityFormatterTest.php:24</error>
        </testcase>
      </testsuite>
      <testsuite name="Test\Unit\HexFormatterTest" file="/Users/shanerosenthal/Code/web3source/test/unit/HexFormatterTest.php" tests="1" assertions="0" errors="1" warnings="0" failures="0" skipped="0" time="0.000509">
        <testcase name="testFormat" class="Test\Unit\HexFormatterTest" classname="Test.Unit.HexFormatterTest" file="/Users/shanerosenthal/Code/web3source/test/unit/HexFormatterTest.php" line="33" assertions="0" time="0.000509">
          <error type="GuzzleHttp\Exception\ConnectException">Test\Unit\HexFormatterTest::testFormat
GuzzleHttp\Exception\ConnectException: cURL error 7: Failed to connect to localhost port 8545 after 0 ms: Connection refused (see https://curl.haxx.se/libcurl/c/libcurl-errors.html) for http://localhost:8545

/Users/shanerosenthal/Code/web3source/vendor/guzzlehttp/guzzle/src/Handler/CurlFactory.php:210
/Users/shanerosenthal/Code/web3source/vendor/guzzlehttp/guzzle/src/Handler/CurlFactory.php:158
/Users/shanerosenthal/Code/web3source/vendor/guzzlehttp/guzzle/src/Handler/CurlFactory.php:110
/Users/shanerosenthal/Code/web3source/vendor/guzzlehttp/guzzle/src/Handler/CurlHandler.php:47
/Users/shanerosenthal/Code/web3source/vendor/guzzlehttp/guzzle/src/Handler/Proxy.php:28
/Users/shanerosenthal/Code/web3source/vendor/guzzlehttp/guzzle/src/Handler/Proxy.php:48
/Users/shanerosenthal/Code/web3source/vendor/guzzlehttp/guzzle/src/PrepareBodyMiddleware.php:64
/Users/shanerosenthal/Code/web3source/vendor/guzzlehttp/guzzle/src/Middleware.php:31
/Users/shanerosenthal/Code/web3source/vendor/guzzlehttp/guzzle/src/RedirectMiddleware.php:71
/Users/shanerosenthal/Code/web3source/vendor/guzzlehttp/guzzle/src/Middleware.php:63
/Users/shanerosenthal/Code/web3source/vendor/guzzlehttp/guzzle/src/HandlerStack.php:75
/Users/shanerosenthal/Code/web3source/vendor/guzzlehttp/guzzle/src/Client.php:331
/Users/shanerosenthal/Code/web3source/vendor/guzzlehttp/guzzle/src/Client.php:168
/Users/shanerosenthal/Code/web3source/vendor/guzzlehttp/guzzle/src/Client.php:187
/Users/shanerosenthal/Code/web3source/vendor/guzzlehttp/guzzle/src/ClientTrait.php:95
/Users/shanerosenthal/Code/web3source/src/RequestManagers/HttpRequestManager.php:65
/Users/shanerosenthal/Code/web3source/src/Providers/HttpProvider.php:62
/Users/shanerosenthal/Code/web3source/src/Eth.php:105
/Users/shanerosenthal/Code/web3source/test/TestCase.php:53
/Users/shanerosenthal/Code/web3source/test/unit/HexFormatterTest.php:24</error>
        </testcase>
      </testsuite>
      <testsuite name="Test\Unit\IntegerTypeTest" file="/Users/shanerosenthal/Code/web3source/test/unit/IntegerTypeTest.php" tests="1" assertions="0" errors="1" warnings="0" failures="0" skipped="0" time="0.000548">
        <testcase name="testIsType" class="Test\Unit\IntegerTypeTest" classname="Test.Unit.IntegerTypeTest" file="/Users/shanerosenthal/Code/web3source/test/unit/IntegerTypeTest.php" line="67" assertions="0" time="0.000548">
          <error type="GuzzleHttp\Exception\ConnectException">Test\Unit\IntegerTypeTest::testIsType
GuzzleHttp\Exception\ConnectException: cURL error 7: Failed to connect to localhost port 8545 after 0 ms: Connection refused (see https://curl.haxx.se/libcurl/c/libcurl-errors.html) for http://localhost:8545

/Users/shanerosenthal/Code/web3source/vendor/guzzlehttp/guzzle/src/Handler/CurlFactory.php:210
/Users/shanerosenthal/Code/web3source/vendor/guzzlehttp/guzzle/src/Handler/CurlFactory.php:158
/Users/shanerosenthal/Code/web3source/vendor/guzzlehttp/guzzle/src/Handler/CurlFactory.php:110
/Users/shanerosenthal/Code/web3source/vendor/guzzlehttp/guzzle/src/Handler/CurlHandler.php:47
/Users/shanerosenthal/Code/web3source/vendor/guzzlehttp/guzzle/src/Handler/Proxy.php:28
/Users/shanerosenthal/Code/web3source/vendor/guzzlehttp/guzzle/src/Handler/Proxy.php:48
/Users/shanerosenthal/Code/web3source/vendor/guzzlehttp/guzzle/src/PrepareBodyMiddleware.php:64
/Users/shanerosenthal/Code/web3source/vendor/guzzlehttp/guzzle/src/Middleware.php:31
/Users/shanerosenthal/Code/web3source/vendor/guzzlehttp/guzzle/src/RedirectMiddleware.php:71
/Users/shanerosenthal/Code/web3source/vendor/guzzlehttp/guzzle/src/Middleware.php:63
/Users/shanerosenthal/Code/web3source/vendor/guzzlehttp/guzzle/src/HandlerStack.php:75
/Users/shanerosenthal/Code/web3source/vendor/guzzlehttp/guzzle/src/Client.php:331
/Users/shanerosenthal/Code/web3source/vendor/guzzlehttp/guzzle/src/Client.php:168
/Users/shanerosenthal/Code/web3source/vendor/guzzlehttp/guzzle/src/Client.php:187
/Users/shanerosenthal/Code/web3source/vendor/guzzlehttp/guzzle/src/ClientTrait.php:95
/Users/shanerosenthal/Code/web3source/src/RequestManagers/HttpRequestManager.php:65
/Users/shanerosenthal/Code/web3source/src/Providers/HttpProvider.php:62
/Users/shanerosenthal/Code/web3source/src/Eth.php:105
/Users/shanerosenthal/Code/web3source/test/TestCase.php:53
/Users/shanerosenthal/Code/web3source/test/unit/IntegerTypeTest.php:58</error>
        </testcase>
      </testsuite>
      <testsuite name="Test\Unit\IdentityValidatorTest" file="/Users/shanerosenthal/Code/web3source/test/unit/IdentityValidatorTest.php" tests="1" assertions="0" errors="1" warnings="0" failures="0" skipped="0" time="0.000441">
        <testcase name="testValidate" class="Test\Unit\IdentityValidatorTest" classname="Test.Unit.IdentityValidatorTest" file="/Users/shanerosenthal/Code/web3source/test/unit/IdentityValidatorTest.php" line="33" assertions="0" time="0.000441">
          <error type="GuzzleHttp\Exception\ConnectException">Test\Unit\IdentityValidatorTest::testValidate
GuzzleHttp\Exception\ConnectException: cURL error 7: Failed to connect to localhost port 8545 after 0 ms: Connection refused (see https://curl.haxx.se/libcurl/c/libcurl-errors.html) for http://localhost:8545

/Users/shanerosenthal/Code/web3source/vendor/guzzlehttp/guzzle/src/Handler/CurlFactory.php:210
/Users/shanerosenthal/Code/web3source/vendor/guzzlehttp/guzzle/src/Handler/CurlFactory.php:158
/Users/shanerosenthal/Code/web3source/vendor/guzzlehttp/guzzle/src/Handler/CurlFactory.php:110
/Users/shanerosenthal/Code/web3source/vendor/guzzlehttp/guzzle/src/Handler/CurlHandler.php:47
/Users/shanerosenthal/Code/web3source/vendor/guzzlehttp/guzzle/src/Handler/Proxy.php:28
/Users/shanerosenthal/Code/web3source/vendor/guzzlehttp/guzzle/src/Handler/Proxy.php:48
/Users/shanerosenthal/Code/web3source/vendor/guzzlehttp/guzzle/src/PrepareBodyMiddleware.php:64
/Users/shanerosenthal/Code/web3source/vendor/guzzlehttp/guzzle/src/Middleware.php:31
/Users/shanerosenthal/Code/web3source/vendor/guzzlehttp/guzzle/src/RedirectMiddleware.php:71
/Users/shanerosenthal/Code/web3source/vendor/guzzlehttp/guzzle/src/Middleware.php:63
/Users/shanerosenthal/Code/web3source/vendor/guzzlehttp/guzzle/src/HandlerStack.php:75
/Users/shanerosenthal/Code/web3source/vendor/guzzlehttp/guzzle/src/Client.php:331
/Users/shanerosenthal/Code/web3source/vendor/guzzlehttp/guzzle/src/Client.php:168
/Users/shanerosenthal/Code/web3source/vendor/guzzlehttp/guzzle/src/Client.php:187
/Users/shanerosenthal/Code/web3source/vendor/guzzlehttp/guzzle/src/ClientTrait.php:95
/Users/shanerosenthal/Code/web3source/src/RequestManagers/HttpRequestManager.php:65
/Users/shanerosenthal/Code/web3source/src/Providers/HttpProvider.php:62
/Users/shanerosenthal/Code/web3source/src/Eth.php:105
/Users/shanerosenthal/Code/web3source/test/TestCase.php:53
/Users/shanerosenthal/Code/web3source/test/unit/IdentityValidatorTest.php:24</error>
        </testcase>
      </testsuite>
      <testsuite name="Test\Unit\PersonalBatchTest" file="/Users/shanerosenthal/Code/web3source/test/unit/PersonalBatchTest.php" tests="2" assertions="0" errors="2" warnings="0" failures="0" skipped="0" time="0.000876">
        <testcase name="testWrongParam" class="Test\Unit\PersonalBatchTest" classname="Test.Unit.PersonalBatchTest" file="/Users/shanerosenthal/Code/web3source/test/unit/PersonalBatchTest.php" line="56" assertions="0" time="0.000438">
          <error type="GuzzleHttp\Exception\ConnectException">Test\Unit\PersonalBatchTest::testWrongParam
GuzzleHttp\Exception\ConnectException: cURL error 7: Failed to connect to localhost port 8545 after 0 ms: Connection refused (see https://curl.haxx.se/libcurl/c/libcurl-errors.html) for http://localhost:8545

/Users/shanerosenthal/Code/web3source/vendor/guzzlehttp/guzzle/src/Handler/CurlFactory.php:210
/Users/shanerosenthal/Code/web3source/vendor/guzzlehttp/guzzle/src/Handler/CurlFactory.php:158
/Users/shanerosenthal/Code/web3source/vendor/guzzlehttp/guzzle/src/Handler/CurlFactory.php:110
/Users/shanerosenthal/Code/web3source/vendor/guzzlehttp/guzzle/src/Handler/CurlHandler.php:47
/Users/shanerosenthal/Code/web3source/vendor/guzzlehttp/guzzle/src/Handler/Proxy.php:28
/Users/shanerosenthal/Code/web3source/vendor/guzzlehttp/guzzle/src/Handler/Proxy.php:48
/Users/shanerosenthal/Code/web3source/vendor/guzzlehttp/guzzle/src/PrepareBodyMiddleware.php:64
/Users/shanerosenthal/Code/web3source/vendor/guzzlehttp/guzzle/src/Middleware.php:31
/Users/shanerosenthal/Code/web3source/vendor/guzzlehttp/guzzle/src/RedirectMiddleware.php:71
/Users/shanerosenthal/Code/web3source/vendor/guzzlehttp/guzzle/src/Middleware.php:63
/Users/shanerosenthal/Code/web3source/vendor/guzzlehttp/guzzle/src/HandlerStack.php:75
/Users/shanerosenthal/Code/web3source/vendor/guzzlehttp/guzzle/src/Client.php:331
/Users/shanerosenthal/Code/web3source/vendor/guzzlehttp/guzzle/src/Client.php:168
/Users/shanerosenthal/Code/web3source/vendor/guzzlehttp/guzzle/src/Client.php:187
/Users/shanerosenthal/Code/web3source/vendor/guzzlehttp/guzzle/src/ClientTrait.php:95
/Users/shanerosenthal/Code/web3source/src/RequestManagers/HttpRequestManager.php:65
/Users/shanerosenthal/Code/web3source/src/Providers/HttpProvider.php:62
/Users/shanerosenthal/Code/web3source/src/Eth.php:105
/Users/shanerosenthal/Code/web3source/test/TestCase.php:53
/Users/shanerosenthal/Code/web3source/test/unit/PersonalBatchTest.php:24</error>
        </testcase>
        <testcase name="testBatch" class="Test\Unit\PersonalBatchTest" classname="Test.Unit.PersonalBatchTest" file="/Users/shanerosenthal/Code/web3source/test/unit/PersonalBatchTest.php" line="34" assertions="0" time="0.000437">
          <error type="GuzzleHttp\Exception\ConnectException">Test\Unit\PersonalBatchTest::testBatch
GuzzleHttp\Exception\ConnectException: cURL error 7: Failed to connect to localhost port 8545 after 0 ms: Connection refused (see https://curl.haxx.se/libcurl/c/libcurl-errors.html) for http://localhost:8545

/Users/shanerosenthal/Code/web3source/vendor/guzzlehttp/guzzle/src/Handler/CurlFactory.php:210
/Users/shanerosenthal/Code/web3source/vendor/guzzlehttp/guzzle/src/Handler/CurlFactory.php:158
/Users/shanerosenthal/Code/web3source/vendor/guzzlehttp/guzzle/src/Handler/CurlFactory.php:110
/Users/shanerosenthal/Code/web3source/vendor/guzzlehttp/guzzle/src/Handler/CurlHandler.php:47
/Users/shanerosenthal/Code/web3source/vendor/guzzlehttp/guzzle/src/Handler/Proxy.php:28
/Users/shanerosenthal/Code/web3source/vendor/guzzlehttp/guzzle/src/Handler/Proxy.php:48
/Users/shanerosenthal/Code/web3source/vendor/guzzlehttp/guzzle/src/PrepareBodyMiddleware.php:64
/Users/shanerosenthal/Code/web3source/vendor/guzzlehttp/guzzle/src/Middleware.php:31
/Users/shanerosenthal/Code/web3source/vendor/guzzlehttp/guzzle/src/RedirectMiddleware.php:71
/Users/shanerosenthal/Code/web3source/vendor/guzzlehttp/guzzle/src/Middleware.php:63
/Users/shanerosenthal/Code/web3source/vendor/guzzlehttp/guzzle/src/HandlerStack.php:75
/Users/shanerosenthal/Code/web3source/vendor/guzzlehttp/guzzle/src/Client.php:331
/Users/shanerosenthal/Code/web3source/vendor/guzzlehttp/guzzle/src/Client.php:168
/Users/shanerosenthal/Code/web3source/vendor/guzzlehttp/guzzle/src/Client.php:187
/Users/shanerosenthal/Code/web3source/vendor/guzzlehttp/guzzle/src/ClientTrait.php:95
/Users/shanerosenthal/Code/web3source/src/RequestManagers/HttpRequestManager.php:65
/Users/shanerosenthal/Code/web3source/src/Providers/HttpProvider.php:62
/Users/shanerosenthal/Code/web3source/src/Eth.php:105
/Users/shanerosenthal/Code/web3source/test/TestCase.php:53
/Users/shanerosenthal/Code/web3source/test/unit/PersonalBatchTest.php:24</error>
        </testcase>
      </testsuite>
      <testsuite name="Test\Unit\AddressValidatorTest" file="/Users/shanerosenthal/Code/web3source/test/unit/AddressValidatorTest.php" tests="1" assertions="0" errors="1" warnings="0" failures="0" skipped="0" time="0.000432">
        <testcase name="testValidate" class="Test\Unit\AddressValidatorTest" classname="Test.Unit.AddressValidatorTest" file="/Users/shanerosenthal/Code/web3source/test/unit/AddressValidatorTest.php" line="33" assertions="0" time="0.000432">
          <error type="GuzzleHttp\Exception\ConnectException">Test\Unit\AddressValidatorTest::testValidate
GuzzleHttp\Exception\ConnectException: cURL error 7: Failed to connect to localhost port 8545 after 0 ms: Connection refused (see https://curl.haxx.se/libcurl/c/libcurl-errors.html) for http://localhost:8545

/Users/shanerosenthal/Code/web3source/vendor/guzzlehttp/guzzle/src/Handler/CurlFactory.php:210
/Users/shanerosenthal/Code/web3source/vendor/guzzlehttp/guzzle/src/Handler/CurlFactory.php:158
/Users/shanerosenthal/Code/web3source/vendor/guzzlehttp/guzzle/src/Handler/CurlFactory.php:110
/Users/shanerosenthal/Code/web3source/vendor/guzzlehttp/guzzle/src/Handler/CurlHandler.php:47
/Users/shanerosenthal/Code/web3source/vendor/guzzlehttp/guzzle/src/Handler/Proxy.php:28
/Users/shanerosenthal/Code/web3source/vendor/guzzlehttp/guzzle/src/Handler/Proxy.php:48
/Users/shanerosenthal/Code/web3source/vendor/guzzlehttp/guzzle/src/PrepareBodyMiddleware.php:64
/Users/shanerosenthal/Code/web3source/vendor/guzzlehttp/guzzle/src/Middleware.php:31
/Users/shanerosenthal/Code/web3source/vendor/guzzlehttp/guzzle/src/RedirectMiddleware.php:71
/Users/shanerosenthal/Code/web3source/vendor/guzzlehttp/guzzle/src/Middleware.php:63
/Users/shanerosenthal/Code/web3source/vendor/guzzlehttp/guzzle/src/HandlerStack.php:75
/Users/shanerosenthal/Code/web3source/vendor/guzzlehttp/guzzle/src/Client.php:331
/Users/shanerosenthal/Code/web3source/vendor/guzzlehttp/guzzle/src/Client.php:168
/Users/shanerosenthal/Code/web3source/vendor/guzzlehttp/guzzle/src/Client.php:187
/Users/shanerosenthal/Code/web3source/vendor/guzzlehttp/guzzle/src/ClientTrait.php:95
/Users/shanerosenthal/Code/web3source/src/RequestManagers/HttpRequestManager.php:65
/Users/shanerosenthal/Code/web3source/src/Providers/HttpProvider.php:62
/Users/shanerosenthal/Code/web3source/src/Eth.php:105
/Users/shanerosenthal/Code/web3source/test/TestCase.php:53
/Users/shanerosenthal/Code/web3source/test/unit/AddressValidatorTest.php:24</error>
        </testcase>
      </testsuite>
      <testsuite name="Test\Unit\FilterValidatorTest" file="/Users/shanerosenthal/Code/web3source/test/unit/FilterValidatorTest.php" tests="1" assertions="0" errors="1" warnings="0" failures="0" skipped="0" time="0.000464">
        <testcase name="testValidate" class="Test\Unit\FilterValidatorTest" classname="Test.Unit.FilterValidatorTest" file="/Users/shanerosenthal/Code/web3source/test/unit/FilterValidatorTest.php" line="33" assertions="0" time="0.000464">
          <error type="GuzzleHttp\Exception\ConnectException">Test\Unit\FilterValidatorTest::testValidate
GuzzleHttp\Exception\ConnectException: cURL error 7: Failed to connect to localhost port 8545 after 0 ms: Connection refused (see https://curl.haxx.se/libcurl/c/libcurl-errors.html) for http://localhost:8545

/Users/shanerosenthal/Code/web3source/vendor/guzzlehttp/guzzle/src/Handler/CurlFactory.php:210
/Users/shanerosenthal/Code/web3source/vendor/guzzlehttp/guzzle/src/Handler/CurlFactory.php:158
/Users/shanerosenthal/Code/web3source/vendor/guzzlehttp/guzzle/src/Handler/CurlFactory.php:110
/Users/shanerosenthal/Code/web3source/vendor/guzzlehttp/guzzle/src/Handler/CurlHandler.php:47
/Users/shanerosenthal/Code/web3source/vendor/guzzlehttp/guzzle/src/Handler/Proxy.php:28
/Users/shanerosenthal/Code/web3source/vendor/guzzlehttp/guzzle/src/Handler/Proxy.php:48
/Users/shanerosenthal/Code/web3source/vendor/guzzlehttp/guzzle/src/PrepareBodyMiddleware.php:64
/Users/shanerosenthal/Code/web3source/vendor/guzzlehttp/guzzle/src/Middleware.php:31
/Users/shanerosenthal/Code/web3source/vendor/guzzlehttp/guzzle/src/RedirectMiddleware.php:71
/Users/shanerosenthal/Code/web3source/vendor/guzzlehttp/guzzle/src/Middleware.php:63
/Users/shanerosenthal/Code/web3source/vendor/guzzlehttp/guzzle/src/HandlerStack.php:75
/Users/shanerosenthal/Code/web3source/vendor/guzzlehttp/guzzle/src/Client.php:331
/Users/shanerosenthal/Code/web3source/vendor/guzzlehttp/guzzle/src/Client.php:168
/Users/shanerosenthal/Code/web3source/vendor/guzzlehttp/guzzle/src/Client.php:187
/Users/shanerosenthal/Code/web3source/vendor/guzzlehttp/guzzle/src/ClientTrait.php:95
/Users/shanerosenthal/Code/web3source/src/RequestManagers/HttpRequestManager.php:65
/Users/shanerosenthal/Code/web3source/src/Providers/HttpProvider.php:62
/Users/shanerosenthal/Code/web3source/src/Eth.php:105
/Users/shanerosenthal/Code/web3source/test/TestCase.php:53
/Users/shanerosenthal/Code/web3source/test/unit/FilterValidatorTest.php:24</error>
        </testcase>
      </testsuite>
      <testsuite name="Test\Unit\AddressTypeTest" file="/Users/shanerosenthal/Code/web3source/test/unit/AddressTypeTest.php" tests="1" assertions="0" errors="1" warnings="0" failures="0" skipped="0" time="0.000640">
        <testcase name="testIsType" class="Test\Unit\AddressTypeTest" classname="Test.Unit.AddressTypeTest" file="/Users/shanerosenthal/Code/web3source/test/unit/AddressTypeTest.php" line="61" assertions="0" time="0.000640">
          <error type="GuzzleHttp\Exception\ConnectException">Test\Unit\AddressTypeTest::testIsType
GuzzleHttp\Exception\ConnectException: cURL error 7: Failed to connect to localhost port 8545 after 0 ms: Connection refused (see https://curl.haxx.se/libcurl/c/libcurl-errors.html) for http://localhost:8545

/Users/shanerosenthal/Code/web3source/vendor/guzzlehttp/guzzle/src/Handler/CurlFactory.php:210
/Users/shanerosenthal/Code/web3source/vendor/guzzlehttp/guzzle/src/Handler/CurlFactory.php:158
/Users/shanerosenthal/Code/web3source/vendor/guzzlehttp/guzzle/src/Handler/CurlFactory.php:110
/Users/shanerosenthal/Code/web3source/vendor/guzzlehttp/guzzle/src/Handler/CurlHandler.php:47
/Users/shanerosenthal/Code/web3source/vendor/guzzlehttp/guzzle/src/Handler/Proxy.php:28
/Users/shanerosenthal/Code/web3source/vendor/guzzlehttp/guzzle/src/Handler/Proxy.php:48
/Users/shanerosenthal/Code/web3source/vendor/guzzlehttp/guzzle/src/PrepareBodyMiddleware.php:64
/Users/shanerosenthal/Code/web3source/vendor/guzzlehttp/guzzle/src/Middleware.php:31
/Users/shanerosenthal/Code/web3source/vendor/guzzlehttp/guzzle/src/RedirectMiddleware.php:71
/Users/shanerosenthal/Code/web3source/vendor/guzzlehttp/guzzle/src/Middleware.php:63
/Users/shanerosenthal/Code/web3source/vendor/guzzlehttp/guzzle/src/HandlerStack.php:75
/Users/shanerosenthal/Code/web3source/vendor/guzzlehttp/guzzle/src/Client.php:331
/Users/shanerosenthal/Code/web3source/vendor/guzzlehttp/guzzle/src/Client.php:168
/Users/shanerosenthal/Code/web3source/vendor/guzzlehttp/guzzle/src/Client.php:187
/Users/shanerosenthal/Code/web3source/vendor/guzzlehttp/guzzle/src/ClientTrait.php:95
/Users/shanerosenthal/Code/web3source/src/RequestManagers/HttpRequestManager.php:65
/Users/shanerosenthal/Code/web3source/src/Providers/HttpProvider.php:62
/Users/shanerosenthal/Code/web3source/src/Eth.php:105
/Users/shanerosenthal/Code/web3source/test/TestCase.php:53
/Users/shanerosenthal/Code/web3source/test/unit/AddressTypeTest.php:52</error>
        </testcase>
      </testsuite>
      <testsuite name="Test\Unit\Web3ApiTest" file="/Users/shanerosenthal/Code/web3source/test/unit/Web3ApiTest.php" tests="5" assertions="0" errors="5" warnings="0" failures="0" skipped="0" time="0.002716">
        <testcase name="testClientVersion" class="Test\Unit\Web3ApiTest" classname="Test.Unit.Web3ApiTest" file="/Users/shanerosenthal/Code/web3source/test/unit/Web3ApiTest.php" line="42" assertions="0" time="0.000664">
          <error type="GuzzleHttp\Exception\ConnectException">Test\Unit\Web3ApiTest::testClientVersion
GuzzleHttp\Exception\ConnectException: cURL error 7: Failed to connect to localhost port 8545 after 0 ms: Connection refused (see https://curl.haxx.se/libcurl/c/libcurl-errors.html) for http://localhost:8545

/Users/shanerosenthal/Code/web3source/vendor/guzzlehttp/guzzle/src/Handler/CurlFactory.php:210
/Users/shanerosenthal/Code/web3source/vendor/guzzlehttp/guzzle/src/Handler/CurlFactory.php:158
/Users/shanerosenthal/Code/web3source/vendor/guzzlehttp/guzzle/src/Handler/CurlFactory.php:110
/Users/shanerosenthal/Code/web3source/vendor/guzzlehttp/guzzle/src/Handler/CurlHandler.php:47
/Users/shanerosenthal/Code/web3source/vendor/guzzlehttp/guzzle/src/Handler/Proxy.php:28
/Users/shanerosenthal/Code/web3source/vendor/guzzlehttp/guzzle/src/Handler/Proxy.php:48
/Users/shanerosenthal/Code/web3source/vendor/guzzlehttp/guzzle/src/PrepareBodyMiddleware.php:64
/Users/shanerosenthal/Code/web3source/vendor/guzzlehttp/guzzle/src/Middleware.php:31
/Users/shanerosenthal/Code/web3source/vendor/guzzlehttp/guzzle/src/RedirectMiddleware.php:71
/Users/shanerosenthal/Code/web3source/vendor/guzzlehttp/guzzle/src/Middleware.php:63
/Users/shanerosenthal/Code/web3source/vendor/guzzlehttp/guzzle/src/HandlerStack.php:75
/Users/shanerosenthal/Code/web3source/vendor/guzzlehttp/guzzle/src/Client.php:331
/Users/shanerosenthal/Code/web3source/vendor/guzzlehttp/guzzle/src/Client.php:168
/Users/shanerosenthal/Code/web3source/vendor/guzzlehttp/guzzle/src/Client.php:187
/Users/shanerosenthal/Code/web3source/vendor/guzzlehttp/guzzle/src/ClientTrait.php:95
/Users/shanerosenthal/Code/web3source/src/RequestManagers/HttpRequestManager.php:65
/Users/shanerosenthal/Code/web3source/src/Providers/HttpProvider.php:62
/Users/shanerosenthal/Code/web3source/src/Eth.php:105
/Users/shanerosenthal/Code/web3source/test/TestCase.php:53
/Users/shanerosenthal/Code/web3source/test/unit/Web3ApiTest.php:34</error>
        </testcase>
        <testcase name="testWrongParam" class="Test\Unit\Web3ApiTest" classname="Test.Unit.Web3ApiTest" file="/Users/shanerosenthal/Code/web3source/test/unit/Web3ApiTest.php" line="104" assertions="0" time="0.000575">
          <error type="GuzzleHttp\Exception\ConnectException">Test\Unit\Web3ApiTest::testWrongParam
GuzzleHttp\Exception\ConnectException: cURL error 7: Failed to connect to localhost port 8545 after 0 ms: Connection refused (see https://curl.haxx.se/libcurl/c/libcurl-errors.html) for http://localhost:8545

/Users/shanerosenthal/Code/web3source/vendor/guzzlehttp/guzzle/src/Handler/CurlFactory.php:210
/Users/shanerosenthal/Code/web3source/vendor/guzzlehttp/guzzle/src/Handler/CurlFactory.php:158
/Users/shanerosenthal/Code/web3source/vendor/guzzlehttp/guzzle/src/Handler/CurlFactory.php:110
/Users/shanerosenthal/Code/web3source/vendor/guzzlehttp/guzzle/src/Handler/CurlHandler.php:47
/Users/shanerosenthal/Code/web3source/vendor/guzzlehttp/guzzle/src/Handler/Proxy.php:28
/Users/shanerosenthal/Code/web3source/vendor/guzzlehttp/guzzle/src/Handler/Proxy.php:48
/Users/shanerosenthal/Code/web3source/vendor/guzzlehttp/guzzle/src/PrepareBodyMiddleware.php:64
/Users/shanerosenthal/Code/web3source/vendor/guzzlehttp/guzzle/src/Middleware.php:31
/Users/shanerosenthal/Code/web3source/vendor/guzzlehttp/guzzle/src/RedirectMiddleware.php:71
/Users/shanerosenthal/Code/web3source/vendor/guzzlehttp/guzzle/src/Middleware.php:63
/Users/shanerosenthal/Code/web3source/vendor/guzzlehttp/guzzle/src/HandlerStack.php:75
/Users/shanerosenthal/Code/web3source/vendor/guzzlehttp/guzzle/src/Client.php:331
/Users/shanerosenthal/Code/web3source/vendor/guzzlehttp/guzzle/src/Client.php:168
/Users/shanerosenthal/Code/web3source/vendor/guzzlehttp/guzzle/src/Client.php:187
/Users/shanerosenthal/Code/web3source/vendor/guzzlehttp/guzzle/src/ClientTrait.php:95
/Users/shanerosenthal/Code/web3source/src/RequestManagers/HttpRequestManager.php:65
/Users/shanerosenthal/Code/web3source/src/Providers/HttpProvider.php:62
/Users/shanerosenthal/Code/web3source/src/Eth.php:105
/Users/shanerosenthal/Code/web3source/test/TestCase.php:53
/Users/shanerosenthal/Code/web3source/test/unit/Web3ApiTest.php:34</error>
        </testcase>
        <testcase name="testSha3" class="Test\Unit\Web3ApiTest" classname="Test.Unit.Web3ApiTest" file="/Users/shanerosenthal/Code/web3source/test/unit/Web3ApiTest.php" line="59" assertions="0" time="0.000572">
          <error type="GuzzleHttp\Exception\ConnectException">Test\Unit\Web3ApiTest::testSha3
GuzzleHttp\Exception\ConnectException: cURL error 7: Failed to connect to localhost port 8545 after 0 ms: Connection refused (see https://curl.haxx.se/libcurl/c/libcurl-errors.html) for http://localhost:8545

/Users/shanerosenthal/Code/web3source/vendor/guzzlehttp/guzzle/src/Handler/CurlFactory.php:210
/Users/shanerosenthal/Code/web3source/vendor/guzzlehttp/guzzle/src/Handler/CurlFactory.php:158
/Users/shanerosenthal/Code/web3source/vendor/guzzlehttp/guzzle/src/Handler/CurlFactory.php:110
/Users/shanerosenthal/Code/web3source/vendor/guzzlehttp/guzzle/src/Handler/CurlHandler.php:47
/Users/shanerosenthal/Code/web3source/vendor/guzzlehttp/guzzle/src/Handler/Proxy.php:28
/Users/shanerosenthal/Code/web3source/vendor/guzzlehttp/guzzle/src/Handler/Proxy.php:48
/Users/shanerosenthal/Code/web3source/vendor/guzzlehttp/guzzle/src/PrepareBodyMiddleware.php:64
/Users/shanerosenthal/Code/web3source/vendor/guzzlehttp/guzzle/src/Middleware.php:31
/Users/shanerosenthal/Code/web3source/vendor/guzzlehttp/guzzle/src/RedirectMiddleware.php:71
/Users/shanerosenthal/Code/web3source/vendor/guzzlehttp/guzzle/src/Middleware.php:63
/Users/shanerosenthal/Code/web3source/vendor/guzzlehttp/guzzle/src/HandlerStack.php:75
/Users/shanerosenthal/Code/web3source/vendor/guzzlehttp/guzzle/src/Client.php:331
/Users/shanerosenthal/Code/web3source/vendor/guzzlehttp/guzzle/src/Client.php:168
/Users/shanerosenthal/Code/web3source/vendor/guzzlehttp/guzzle/src/Client.php:187
/Users/shanerosenthal/Code/web3source/vendor/guzzlehttp/guzzle/src/ClientTrait.php:95
/Users/shanerosenthal/Code/web3source/src/RequestManagers/HttpRequestManager.php:65
/Users/shanerosenthal/Code/web3source/src/Providers/HttpProvider.php:62
/Users/shanerosenthal/Code/web3source/src/Eth.php:105
/Users/shanerosenthal/Code/web3source/test/TestCase.php:53
/Users/shanerosenthal/Code/web3source/test/unit/Web3ApiTest.php:34</error>
        </testcase>
[...]
/Users/shanerosenthal/Code/web3source/vendor/guzzlehttp/guzzle/src/RedirectMiddleware.php:71
/Users/shanerosenthal/Code/web3source/vendor/guzzlehttp/guzzle/src/Middleware.php:63
/Users/shanerosenthal/Code/web3source/vendor/guzzlehttp/guzzle/src/HandlerStack.php:75
/Users/shanerosenthal/Code/web3source/vendor/guzzlehttp/guzzle/src/Client.php:331
/Users/shanerosenthal/Code/web3source/vendor/guzzlehttp/guzzle/src/Client.php:168
/Users/shanerosenthal/Code/web3source/vendor/guzzlehttp/guzzle/src/Client.php:187
/Users/shanerosenthal/Code/web3source/vendor/guzzlehttp/guzzle/src/ClientTrait.php:95
/Users/shanerosenthal/Code/web3source/src/RequestManagers/HttpRequestManager.php:65
/Users/shanerosenthal/Code/web3source/src/Providers/HttpProvider.php:62
/Users/shanerosenthal/Code/web3source/src/Eth.php:105
/Users/shanerosenthal/Code/web3source/test/TestCase.php:53
/Users/shanerosenthal/Code/web3source/test/unit/ContractTest.php:417</error>
        </testcase>
        <testcase name="testIssue134" class="Test\Unit\ContractTest" classname="Test.Unit.ContractTest" file="/Users/shanerosenthal/Code/web3source/test/unit/ContractTest.php" line="1279" assertions="0" time="0.000608">
          <error type="GuzzleHttp\Exception\ConnectException">Test\Unit\ContractTest::testIssue134
GuzzleHttp\Exception\ConnectException: cURL error 7: Failed to connect to localhost port 8545 after 0 ms: Connection refused (see https://curl.haxx.se/libcurl/c/libcurl-errors.html) for http://localhost:8545

/Users/shanerosenthal/Code/web3source/vendor/guzzlehttp/guzzle/src/Handler/CurlFactory.php:210
/Users/shanerosenthal/Code/web3source/vendor/guzzlehttp/guzzle/src/Handler/CurlFactory.php:158
/Users/shanerosenthal/Code/web3source/vendor/guzzlehttp/guzzle/src/Handler/CurlFactory.php:110
/Users/shanerosenthal/Code/web3source/vendor/guzzlehttp/guzzle/src/Handler/CurlHandler.php:47
/Users/shanerosenthal/Code/web3source/vendor/guzzlehttp/guzzle/src/Handler/Proxy.php:28
/Users/shanerosenthal/Code/web3source/vendor/guzzlehttp/guzzle/src/Handler/Proxy.php:48
/Users/shanerosenthal/Code/web3source/vendor/guzzlehttp/guzzle/src/PrepareBodyMiddleware.php:64
/Users/shanerosenthal/Code/web3source/vendor/guzzlehttp/guzzle/src/Middleware.php:31
/Users/shanerosenthal/Code/web3source/vendor/guzzlehttp/guzzle/src/RedirectMiddleware.php:71
/Users/shanerosenthal/Code/web3source/vendor/guzzlehttp/guzzle/src/Middleware.php:63
/Users/shanerosenthal/Code/web3source/vendor/guzzlehttp/guzzle/src/HandlerStack.php:75
/Users/shanerosenthal/Code/web3source/vendor/guzzlehttp/guzzle/src/Client.php:331
/Users/shanerosenthal/Code/web3source/vendor/guzzlehttp/guzzle/src/Client.php:168
/Users/shanerosenthal/Code/web3source/vendor/guzzlehttp/guzzle/src/Client.php:187
/Users/shanerosenthal/Code/web3source/vendor/guzzlehttp/guzzle/src/ClientTrait.php:95
/Users/shanerosenthal/Code/web3source/src/RequestManagers/HttpRequestManager.php:65
/Users/shanerosenthal/Code/web3source/src/Providers/HttpProvider.php:62
/Users/shanerosenthal/Code/web3source/src/Eth.php:105
/Users/shanerosenthal/Code/web3source/test/TestCase.php:53
/Users/shanerosenthal/Code/web3source/test/unit/ContractTest.php:417</error>
        </testcase>
        <testcase name="testIssue125" class="Test\Unit\ContractTest" classname="Test.Unit.ContractTest" file="/Users/shanerosenthal/Code/web3source/test/unit/ContractTest.php" line="1157" assertions="0" time="0.000655">
          <error type="GuzzleHttp\Exception\ConnectException">Test\Unit\ContractTest::testIssue125
GuzzleHttp\Exception\ConnectException: cURL error 7: Failed to connect to localhost port 8545 after 0 ms: Connection refused (see https://curl.haxx.se/libcurl/c/libcurl-errors.html) for http://localhost:8545

/Users/shanerosenthal/Code/web3source/vendor/guzzlehttp/guzzle/src/Handler/CurlFactory.php:210
/Users/shanerosenthal/Code/web3source/vendor/guzzlehttp/guzzle/src/Handler/CurlFactory.php:158
/Users/shanerosenthal/Code/web3source/vendor/guzzlehttp/guzzle/src/Handler/CurlFactory.php:110
/Users/shanerosenthal/Code/web3source/vendor/guzzlehttp/guzzle/src/Handler/CurlHandler.php:47
/Users/shanerosenthal/Code/web3source/vendor/guzzlehttp/guzzle/src/Handler/Proxy.php:28
/Users/shanerosenthal/Code/web3source/vendor/guzzlehttp/guzzle/src/Handler/Proxy.php:48
/Users/shanerosenthal/Code/web3source/vendor/guzzlehttp/guzzle/src/PrepareBodyMiddleware.php:64
/Users/shanerosenthal/Code/web3source/vendor/guzzlehttp/guzzle/src/Middleware.php:31
/Users/shanerosenthal/Code/web3source/vendor/guzzlehttp/guzzle/src/RedirectMiddleware.php:71
/Users/shanerosenthal/Code/web3source/vendor/guzzlehttp/guzzle/src/Middleware.php:63
/Users/shanerosenthal/Code/web3source/vendor/guzzlehttp/guzzle/src/HandlerStack.php:75
/Users/shanerosenthal/Code/web3source/vendor/guzzlehttp/guzzle/src/Client.php:331
/Users/shanerosenthal/Code/web3source/vendor/guzzlehttp/guzzle/src/Client.php:168
/Users/shanerosenthal/Code/web3source/vendor/guzzlehttp/guzzle/src/Client.php:187
/Users/shanerosenthal/Code/web3source/vendor/guzzlehttp/guzzle/src/ClientTrait.php:95
/Users/shanerosenthal/Code/web3source/src/RequestManagers/HttpRequestManager.php:65
/Users/shanerosenthal/Code/web3source/src/Providers/HttpProvider.php:62
/Users/shanerosenthal/Code/web3source/src/Eth.php:105
/Users/shanerosenthal/Code/web3source/test/TestCase.php:53
/Users/shanerosenthal/Code/web3source/test/unit/ContractTest.php:417</error>
        </testcase>
        <testcase name="testCall" class="Test\Unit\ContractTest" classname="Test.Unit.ContractTest" file="/Users/shanerosenthal/Code/web3source/test/unit/ContractTest.php" line="581" assertions="0" time="0.000640">
          <error type="GuzzleHttp\Exception\ConnectException">Test\Unit\ContractTest::testCall
GuzzleHttp\Exception\ConnectException: cURL error 7: Failed to connect to localhost port 8545 after 0 ms: Connection refused (see https://curl.haxx.se/libcurl/c/libcurl-errors.html) for http://localhost:8545

/Users/shanerosenthal/Code/web3source/vendor/guzzlehttp/guzzle/src/Handler/CurlFactory.php:210
/Users/shanerosenthal/Code/web3source/vendor/guzzlehttp/guzzle/src/Handler/CurlFactory.php:158
/Users/shanerosenthal/Code/web3source/vendor/guzzlehttp/guzzle/src/Handler/CurlFactory.php:110
/Users/shanerosenthal/Code/web3source/vendor/guzzlehttp/guzzle/src/Handler/CurlHandler.php:47
/Users/shanerosenthal/Code/web3source/vendor/guzzlehttp/guzzle/src/Handler/Proxy.php:28
/Users/shanerosenthal/Code/web3source/vendor/guzzlehttp/guzzle/src/Handler/Proxy.php:48
/Users/shanerosenthal/Code/web3source/vendor/guzzlehttp/guzzle/src/PrepareBodyMiddleware.php:64
/Users/shanerosenthal/Code/web3source/vendor/guzzlehttp/guzzle/src/Middleware.php:31
/Users/shanerosenthal/Code/web3source/vendor/guzzlehttp/guzzle/src/RedirectMiddleware.php:71
/Users/shanerosenthal/Code/web3source/vendor/guzzlehttp/guzzle/src/Middleware.php:63
/Users/shanerosenthal/Code/web3source/vendor/guzzlehttp/guzzle/src/HandlerStack.php:75
/Users/shanerosenthal/Code/web3source/vendor/guzzlehttp/guzzle/src/Client.php:331
/Users/shanerosenthal/Code/web3source/vendor/guzzlehttp/guzzle/src/Client.php:168
/Users/shanerosenthal/Code/web3source/vendor/guzzlehttp/guzzle/src/Client.php:187
/Users/shanerosenthal/Code/web3source/vendor/guzzlehttp/guzzle/src/ClientTrait.php:95
/Users/shanerosenthal/Code/web3source/src/RequestManagers/HttpRequestManager.php:65
/Users/shanerosenthal/Code/web3source/src/Providers/HttpProvider.php:62
/Users/shanerosenthal/Code/web3source/src/Eth.php:105
/Users/shanerosenthal/Code/web3source/test/TestCase.php:53
/Users/shanerosenthal/Code/web3source/test/unit/ContractTest.php:417</error>
        </testcase>
        <testcase name="testDeploy" class="Test\Unit\ContractTest" classname="Test.Unit.ContractTest" file="/Users/shanerosenthal/Code/web3source/test/unit/ContractTest.php" line="466" assertions="0" time="0.000651">
          <error type="GuzzleHttp\Exception\ConnectException">Test\Unit\ContractTest::testDeploy
GuzzleHttp\Exception\ConnectException: cURL error 7: Failed to connect to localhost port 8545 after 0 ms: Connection refused (see https://curl.haxx.se/libcurl/c/libcurl-errors.html) for http://localhost:8545

/Users/shanerosenthal/Code/web3source/vendor/guzzlehttp/guzzle/src/Handler/CurlFactory.php:210
/Users/shanerosenthal/Code/web3source/vendor/guzzlehttp/guzzle/src/Handler/CurlFactory.php:158
/Users/shanerosenthal/Code/web3source/vendor/guzzlehttp/guzzle/src/Handler/CurlFactory.php:110
/Users/shanerosenthal/Code/web3source/vendor/guzzlehttp/guzzle/src/Handler/CurlHandler.php:47
/Users/shanerosenthal/Code/web3source/vendor/guzzlehttp/guzzle/src/Handler/Proxy.php:28
/Users/shanerosenthal/Code/web3source/vendor/guzzlehttp/guzzle/src/Handler/Proxy.php:48
/Users/shanerosenthal/Code/web3source/vendor/guzzlehttp/guzzle/src/PrepareBodyMiddleware.php:64
/Users/shanerosenthal/Code/web3source/vendor/guzzlehttp/guzzle/src/Middleware.php:31
/Users/shanerosenthal/Code/web3source/vendor/guzzlehttp/guzzle/src/RedirectMiddleware.php:71
/Users/shanerosenthal/Code/web3source/vendor/guzzlehttp/guzzle/src/Middleware.php:63
/Users/shanerosenthal/Code/web3source/vendor/guzzlehttp/guzzle/src/HandlerStack.php:75
/Users/shanerosenthal/Code/web3source/vendor/guzzlehttp/guzzle/src/Client.php:331
/Users/shanerosenthal/Code/web3source/vendor/guzzlehttp/guzzle/src/Client.php:168
/Users/shanerosenthal/Code/web3source/vendor/guzzlehttp/guzzle/src/Client.php:187
/Users/shanerosenthal/Code/web3source/vendor/guzzlehttp/guzzle/src/ClientTrait.php:95
/Users/shanerosenthal/Code/web3source/src/RequestManagers/HttpRequestManager.php:65
/Users/shanerosenthal/Code/web3source/src/Providers/HttpProvider.php:62
/Users/shanerosenthal/Code/web3source/src/Eth.php:105
/Users/shanerosenthal/Code/web3source/test/TestCase.php:53
/Users/shanerosenthal/Code/web3source/test/unit/ContractTest.php:417</error>
        </testcase>
      </testsuite>
      <testsuite name="Test\Unit\BooleanTypeTest" file="/Users/shanerosenthal/Code/web3source/test/unit/BooleanTypeTest.php" tests="1" assertions="0" errors="1" warnings="0" failures="0" skipped="0" time="0.000621">
        <testcase name="testIsType" class="Test\Unit\BooleanTypeTest" classname="Test.Unit.BooleanTypeTest" file="/Users/shanerosenthal/Code/web3source/test/unit/BooleanTypeTest.php" line="61" assertions="0" time="0.000621">
          <error type="GuzzleHttp\Exception\ConnectException">Test\Unit\BooleanTypeTest::testIsType
GuzzleHttp\Exception\ConnectException: cURL error 7: Failed to connect to localhost port 8545 after 0 ms: Connection refused (see https://curl.haxx.se/libcurl/c/libcurl-errors.html) for http://localhost:8545

/Users/shanerosenthal/Code/web3source/vendor/guzzlehttp/guzzle/src/Handler/CurlFactory.php:210
/Users/shanerosenthal/Code/web3source/vendor/guzzlehttp/guzzle/src/Handler/CurlFactory.php:158
/Users/shanerosenthal/Code/web3source/vendor/guzzlehttp/guzzle/src/Handler/CurlFactory.php:110
/Users/shanerosenthal/Code/web3source/vendor/guzzlehttp/guzzle/src/Handler/CurlHandler.php:47
/Users/shanerosenthal/Code/web3source/vendor/guzzlehttp/guzzle/src/Handler/Proxy.php:28
/Users/shanerosenthal/Code/web3source/vendor/guzzlehttp/guzzle/src/Handler/Proxy.php:48
/Users/shanerosenthal/Code/web3source/vendor/guzzlehttp/guzzle/src/PrepareBodyMiddleware.php:64
/Users/shanerosenthal/Code/web3source/vendor/guzzlehttp/guzzle/src/Middleware.php:31
/Users/shanerosenthal/Code/web3source/vendor/guzzlehttp/guzzle/src/RedirectMiddleware.php:71
/Users/shanerosenthal/Code/web3source/vendor/guzzlehttp/guzzle/src/Middleware.php:63
/Users/shanerosenthal/Code/web3source/vendor/guzzlehttp/guzzle/src/HandlerStack.php:75
/Users/shanerosenthal/Code/web3source/vendor/guzzlehttp/guzzle/src/Client.php:331
/Users/shanerosenthal/Code/web3source/vendor/guzzlehttp/guzzle/src/Client.php:168
/Users/shanerosenthal/Code/web3source/vendor/guzzlehttp/guzzle/src/Client.php:187
/Users/shanerosenthal/Code/web3source/vendor/guzzlehttp/guzzle/src/ClientTrait.php:95
/Users/shanerosenthal/Code/web3source/src/RequestManagers/HttpRequestManager.php:65
/Users/shanerosenthal/Code/web3source/src/Providers/HttpProvider.php:62
/Users/shanerosenthal/Code/web3source/src/Eth.php:105
/Users/shanerosenthal/Code/web3source/test/TestCase.php:53
/Users/shanerosenthal/Code/web3source/test/unit/BooleanTypeTest.php:52</error>
        </testcase>
      </testsuite>
      <testsuite name="Test\Unit\ShhFilterValidatorTest" file="/Users/shanerosenthal/Code/web3source/test/unit/ShhFilterValidatorTest.php" tests="1" assertions="0" errors="1" warnings="0" failures="0" skipped="0" time="0.000634">
        <testcase name="testValidate" class="Test\Unit\ShhFilterValidatorTest" classname="Test.Unit.ShhFilterValidatorTest" file="/Users/shanerosenthal/Code/web3source/test/unit/ShhFilterValidatorTest.php" line="33" assertions="0" time="0.000634">
          <error type="GuzzleHttp\Exception\ConnectException">Test\Unit\ShhFilterValidatorTest::testValidate
GuzzleHttp\Exception\ConnectException: cURL error 7: Failed to connect to localhost port 8545 after 0 ms: Connection refused (see https://curl.haxx.se/libcurl/c/libcurl-errors.html) for http://localhost:8545

/Users/shanerosenthal/Code/web3source/vendor/guzzlehttp/guzzle/src/Handler/CurlFactory.php:210
/Users/shanerosenthal/Code/web3source/vendor/guzzlehttp/guzzle/src/Handler/CurlFactory.php:158
/Users/shanerosenthal/Code/web3source/vendor/guzzlehttp/guzzle/src/Handler/CurlFactory.php:110
/Users/shanerosenthal/Code/web3source/vendor/guzzlehttp/guzzle/src/Handler/CurlHandler.php:47
/Users/shanerosenthal/Code/web3source/vendor/guzzlehttp/guzzle/src/Handler/Proxy.php:28
/Users/shanerosenthal/Code/web3source/vendor/guzzlehttp/guzzle/src/Handler/Proxy.php:48
/Users/shanerosenthal/Code/web3source/vendor/guzzlehttp/guzzle/src/PrepareBodyMiddleware.php:64
/Users/shanerosenthal/Code/web3source/vendor/guzzlehttp/guzzle/src/Middleware.php:31
/Users/shanerosenthal/Code/web3source/vendor/guzzlehttp/guzzle/src/RedirectMiddleware.php:71
/Users/shanerosenthal/Code/web3source/vendor/guzzlehttp/guzzle/src/Middleware.php:63
/Users/shanerosenthal/Code/web3source/vendor/guzzlehttp/guzzle/src/HandlerStack.php:75
/Users/shanerosenthal/Code/web3source/vendor/guzzlehttp/guzzle/src/Client.php:331
/Users/shanerosenthal/Code/web3source/vendor/guzzlehttp/guzzle/src/Client.php:168
/Users/shanerosenthal/Code/web3source/vendor/guzzlehttp/guzzle/src/Client.php:187
/Users/shanerosenthal/Code/web3source/vendor/guzzlehttp/guzzle/src/ClientTrait.php:95
/Users/shanerosenthal/Code/web3source/src/RequestManagers/HttpRequestManager.php:65
/Users/shanerosenthal/Code/web3source/src/Providers/HttpProvider.php:62
/Users/shanerosenthal/Code/web3source/src/Eth.php:105
/Users/shanerosenthal/Code/web3source/test/TestCase.php:53
/Users/shanerosenthal/Code/web3source/test/unit/ShhFilterValidatorTest.php:24</error>
        </testcase>
      </testsuite>
      <testsuite name="Test\Unit\StringValidatorTest" file="/Users/shanerosenthal/Code/web3source/test/unit/StringValidatorTest.php" tests="1" assertions="0" errors="1" warnings="0" failures="0" skipped="0" time="0.000575">
        <testcase name="testValidate" class="Test\Unit\StringValidatorTest" classname="Test.Unit.StringValidatorTest" file="/Users/shanerosenthal/Code/web3source/test/unit/StringValidatorTest.php" line="33" assertions="0" time="0.000575">
          <error type="GuzzleHttp\Exception\ConnectException">Test\Unit\StringValidatorTest::testValidate
GuzzleHttp\Exception\ConnectException: cURL error 7: Failed to connect to localhost port 8545 after 0 ms: Connection refused (see https://curl.haxx.se/libcurl/c/libcurl-errors.html) for http://localhost:8545

/Users/shanerosenthal/Code/web3source/vendor/guzzlehttp/guzzle/src/Handler/CurlFactory.php:210
/Users/shanerosenthal/Code/web3source/vendor/guzzlehttp/guzzle/src/Handler/CurlFactory.php:158
/Users/shanerosenthal/Code/web3source/vendor/guzzlehttp/guzzle/src/Handler/CurlFactory.php:110
/Users/shanerosenthal/Code/web3source/vendor/guzzlehttp/guzzle/src/Handler/CurlHandler.php:47
/Users/shanerosenthal/Code/web3source/vendor/guzzlehttp/guzzle/src/Handler/Proxy.php:28
/Users/shanerosenthal/Code/web3source/vendor/guzzlehttp/guzzle/src/Handler/Proxy.php:48
/Users/shanerosenthal/Code/web3source/vendor/guzzlehttp/guzzle/src/PrepareBodyMiddleware.php:64
/Users/shanerosenthal/Code/web3source/vendor/guzzlehttp/guzzle/src/Middleware.php:31
/Users/shanerosenthal/Code/web3source/vendor/guzzlehttp/guzzle/src/RedirectMiddleware.php:71
/Users/shanerosenthal/Code/web3source/vendor/guzzlehttp/guzzle/src/Middleware.php:63
/Users/shanerosenthal/Code/web3source/vendor/guzzlehttp/guzzle/src/HandlerStack.php:75
/Users/shanerosenthal/Code/web3source/vendor/guzzlehttp/guzzle/src/Client.php:331
/Users/shanerosenthal/Code/web3source/vendor/guzzlehttp/guzzle/src/Client.php:168
/Users/shanerosenthal/Code/web3source/vendor/guzzlehttp/guzzle/src/Client.php:187
/Users/shanerosenthal/Code/web3source/vendor/guzzlehttp/guzzle/src/ClientTrait.php:95
/Users/shanerosenthal/Code/web3source/src/RequestManagers/HttpRequestManager.php:65
/Users/shanerosenthal/Code/web3source/src/Providers/HttpProvider.php:62
/Users/shanerosenthal/Code/web3source/src/Eth.php:105
/Users/shanerosenthal/Code/web3source/test/TestCase.php:53
/Users/shanerosenthal/Code/web3source/test/unit/StringValidatorTest.php:24</error>
        </testcase>
      </testsuite>
      <testsuite name="Test\Unit\TransactionValidatorTest" file="/Users/shanerosenthal/Code/web3source/test/unit/TransactionValidatorTest.php" tests="1" assertions="0" errors="1" warnings="0" failures="0" skipped="0" time="0.000616">
        <testcase name="testValidate" class="Test\Unit\TransactionValidatorTest" classname="Test.Unit.TransactionValidatorTest" file="/Users/shanerosenthal/Code/web3source/test/unit/TransactionValidatorTest.php" line="33" assertions="0" time="0.000616">
          <error type="GuzzleHttp\Exception\ConnectException">Test\Unit\TransactionValidatorTest::testValidate
GuzzleHttp\Exception\ConnectException: cURL error 7: Failed to connect to localhost port 8545 after 0 ms: Connection refused (see https://curl.haxx.se/libcurl/c/libcurl-errors.html) for http://localhost:8545

/Users/shanerosenthal/Code/web3source/vendor/guzzlehttp/guzzle/src/Handler/CurlFactory.php:210
/Users/shanerosenthal/Code/web3source/vendor/guzzlehttp/guzzle/src/Handler/CurlFactory.php:158
/Users/shanerosenthal/Code/web3source/vendor/guzzlehttp/guzzle/src/Handler/CurlFactory.php:110
/Users/shanerosenthal/Code/web3source/vendor/guzzlehttp/guzzle/src/Handler/CurlHandler.php:47
/Users/shanerosenthal/Code/web3source/vendor/guzzlehttp/guzzle/src/Handler/Proxy.php:28
/Users/shanerosenthal/Code/web3source/vendor/guzzlehttp/guzzle/src/Handler/Proxy.php:48
/Users/shanerosenthal/Code/web3source/vendor/guzzlehttp/guzzle/src/PrepareBodyMiddleware.php:64
/Users/shanerosenthal/Code/web3source/vendor/guzzlehttp/guzzle/src/Middleware.php:31
/Users/shanerosenthal/Code/web3source/vendor/guzzlehttp/guzzle/src/RedirectMiddleware.php:71
/Users/shanerosenthal/Code/web3source/vendor/guzzlehttp/guzzle/src/Middleware.php:63
/Users/shanerosenthal/Code/web3source/vendor/guzzlehttp/guzzle/src/HandlerStack.php:75
/Users/shanerosenthal/Code/web3source/vendor/guzzlehttp/guzzle/src/Client.php:331
/Users/shanerosenthal/Code/web3source/vendor/guzzlehttp/guzzle/src/Client.php:168
/Users/shanerosenthal/Code/web3source/vendor/guzzlehttp/guzzle/src/Client.php:187
/Users/shanerosenthal/Code/web3source/vendor/guzzlehttp/guzzle/src/ClientTrait.php:95
/Users/shanerosenthal/Code/web3source/src/RequestManagers/HttpRequestManager.php:65
/Users/shanerosenthal/Code/web3source/src/Providers/HttpProvider.php:62
/Users/shanerosenthal/Code/web3source/src/Eth.php:105
/Users/shanerosenthal/Code/web3source/test/TestCase.php:53
/Users/shanerosenthal/Code/web3source/test/unit/TransactionValidatorTest.php:24</error>
        </testcase>
      </testsuite>
    </testsuite>
  </testsuite>
</testsuites>
